Using pre-set license
Built from '2020.3/staging' branch; Version is '2020.3.22f1 (e1a7f79fd887) revision 14788599'; Using compiler version '192528614'; Build Type 'Release'
OS: 'Windows 10 Home Single Language; OS build 22000.348; Version 2009; 64bit' Language: 'en' Physical Memory: 6091 MB
BatchMode: 1, IsHumanControllingUs: 0, StartBugReporterOnCrash: 0, Is64bit: 1, IsPro: 0

COMMAND LINE ARGUMENTS:
C:\Program Files\Unity\Hub\Editor\2020.3.22f1\Editor\Unity.exe
-adb2
-batchMode
-noUpm
-name
AssetImportWorker0
-projectPath
E:/cs222/lab2/ShaderGraph2
-logFile
Logs/AssetImportWorker0.log
-srvPort
53895
Successfully changed project path to: E:/cs222/lab2/ShaderGraph2
E:/cs222/lab2/ShaderGraph2
Using Asset Import Pipeline V2.
Refreshing native plugins compatible for Editor in 88.90 ms, found 2 plugins.
Preloading 0 native plugins for Editor in 0.00 ms.
Initialize engine version: 2020.3.22f1 (e1a7f79fd887)
[Subsystems] Discovering subsystems at path C:/Program Files/Unity/Hub/Editor/2020.3.22f1/Editor/Data/Resources/UnitySubsystems
[Subsystems] Discovering subsystems at path E:/cs222/lab2/ShaderGraph2/Assets
GfxDevice: creating device client; threaded=0
Direct3D:
    Version:  Direct3D 11.0 [level 11.1]
    Renderer: NVIDIA GeForce GTX 1050 (ID=0x1c92)
    Vendor:   
    VRAM:     4021 MB
    Driver:   30.0.14.9709
Initialize mono
Mono path[0] = 'C:/Program Files/Unity/Hub/Editor/2020.3.22f1/Editor/Data/Managed'
Mono path[1] = 'C:/Program Files/Unity/Hub/Editor/2020.3.22f1/Editor/Data/MonoBleedingEdge/lib/mono/unityjit'
Mono config path = 'C:/Program Files/Unity/Hub/Editor/2020.3.22f1/Editor/Data/MonoBleedingEdge/etc'
Using monoOptions --debugger-agent=transport=dt_socket,embedding=1,server=y,suspend=n,address=127.0.0.1:56544
Begin MonoManager ReloadAssembly
Registering precompiled unity dll's ...
Register platform support module: C:/Program Files/Unity/Hub/Editor/2020.3.22f1/Editor/Data/PlaybackEngines/WebGLSupport/UnityEditor.WebGL.Extensions.dll
Register platform support module: C:/Program Files/Unity/Hub/Editor/2020.3.22f1/Editor/Data/PlaybackEngines/WindowsStandaloneSupport/UnityEditor.WindowsStandalone.Extensions.dll
Registered in 0.003742 seconds.
Native extension for WindowsStandalone target not found
Native extension for WebGL target not found
Refreshing native plugins compatible for Editor in 78.67 ms, found 2 plugins.
Preloading 0 native plugins for Editor in 0.00 ms.
Mono: successfully reloaded assembly
- Completed reload, in  3.111 seconds
Domain Reload Profiling:
	ReloadAssembly (3111ms)
		BeginReloadAssembly (92ms)
			ExecutionOrderSort (0ms)
			DisableScriptedObjects (0ms)
			BackupInstance (0ms)
			ReleaseScriptingObjects (0ms)
			CreateAndSetChildDomain (1ms)
		EndReloadAssembly (716ms)
			LoadAssemblies (91ms)
			RebuildTransferFunctionScriptingTraits (0ms)
			SetupTypeCache (238ms)
			ReleaseScriptCaches (0ms)
			RebuildScriptCaches (42ms)
			SetupLoadedEditorAssemblies (287ms)
				LogAssemblyErrors (0ms)
				InitializePlatformSupportModulesInManaged (8ms)
				SetLoadedEditorAssemblies (0ms)
				RefreshPlugins (79ms)
				BeforeProcessingInitializeOnLoad (17ms)
				ProcessInitializeOnLoadAttributes (135ms)
				ProcessInitializeOnLoadMethodAttributes (47ms)
				AfterProcessingInitializeOnLoad (0ms)
				EditorAssembliesLoaded (0ms)
			ExecutionOrderSort2 (0ms)
			AwakeInstancesAfterBackupRestoration (0ms)
Platform modules already initialized, skipping
Registering precompiled user dll's ...
Registered in 0.003659 seconds.
Begin MonoManager ReloadAssembly
Native extension for WindowsStandalone target not found
Native extension for WebGL target not found
Refreshing native plugins compatible for Editor in 85.03 ms, found 2 plugins.
Preloading 0 native plugins for Editor in 0.00 ms.
Mono: successfully reloaded assembly
- Completed reload, in  1.856 seconds
Domain Reload Profiling:
	ReloadAssembly (1857ms)
		BeginReloadAssembly (224ms)
			ExecutionOrderSort (0ms)
			DisableScriptedObjects (10ms)
			BackupInstance (0ms)
			ReleaseScriptingObjects (0ms)
			CreateAndSetChildDomain (30ms)
		EndReloadAssembly (1536ms)
			LoadAssemblies (134ms)
			RebuildTransferFunctionScriptingTraits (0ms)
			SetupTypeCache (523ms)
			ReleaseScriptCaches (1ms)
			RebuildScriptCaches (84ms)
			SetupLoadedEditorAssemblies (582ms)
				LogAssemblyErrors (0ms)
				InitializePlatformSupportModulesInManaged (6ms)
				SetLoadedEditorAssemblies (0ms)
				RefreshPlugins (85ms)
				BeforeProcessingInitializeOnLoad (124ms)
				ProcessInitializeOnLoadAttributes (339ms)
				ProcessInitializeOnLoadMethodAttributes (18ms)
				AfterProcessingInitializeOnLoad (9ms)
				EditorAssembliesLoaded (1ms)
			ExecutionOrderSort2 (0ms)
			AwakeInstancesAfterBackupRestoration (13ms)
Platform modules already initialized, skipping
========================================================================
Worker process is ready to serve import requests
Launched and connected shader compiler UnityShaderCompiler.exe after 0.10 seconds
Refreshing native plugins compatible for Editor in 0.71 ms, found 2 plugins.
Preloading 0 native plugins for Editor in 0.00 ms.
Unloading 2937 Unused Serialized files (Serialized files now loaded: 0)
System memory in use before: 137.6 MB.
System memory in use after: 137.8 MB.

Unloading 20 unused Assets to reduce memory usage. Loaded Objects now: 3382.
Total: 7.333500 ms (FindLiveObjects: 0.415400 ms CreateObjectMapping: 0.138500 ms MarkObjects: 6.599000 ms  DeleteObjects: 0.178500 ms)

AssetImportParameters requested are different than current active one (requested -> active):
  custom:framework-win-MediaFoundation: 216162199b28c13a410421893ffa2e32 -> 
  custom:video-decoder-ogg-theora: a1e56fd34408186e4bbccfd4996cb3dc -> 
  custom:container-muxer-webm: aa71ff27fc2769a1b78a27578f13a17b -> 
  custom:container-demuxer-webm: 4f35f7cbe854078d1ac9338744f61a02 -> 
  custom:container-demuxer-ogg: 62fdf1f143b41e24485cea50d1cbac27 -> 
  custom:video-encoder-webm-vp8: eb34c28f22e8b96e1ab97ce403110664 -> 
  custom:video-decoder-webm-vp8: 9c59270c3fd7afecdb556c50c9e8de78 -> 
  custom:audio-decoder-ogg-vorbis: bf7c407c2cedff20999df2af8eb42d56 -> 
  custom:audio-encoder-webm-vorbis: bf7c407c2cedff20999df2af8eb42d56 -> 
========================================================================
Received Import Request.
  path: Assets/Shader/movement/movement.shadergraph
  artifactKey: Guid(4425bb205ba205842a06a8512eb6bc6a) Importer(815301076,1909f56bfc062723c751e8b465ee728b)
Start importing Assets/Shader/movement/movement.shadergraph using Guid(4425bb205ba205842a06a8512eb6bc6a) Importer(815301076,1909f56bfc062723c751e8b465ee728b)  -> (artifact id: '32a9d38f88328f50ce464ef5c4eb9faa') in 0.073492 seconds 
  Import took 0.082347 seconds .

========================================================================
Received Import Request.
  Time since last request: 0.000524 seconds.
  path: Assets/Shader/deptwater/deptwater.shadergraph
  artifactKey: Guid(ce1ef30a227021a45915a8601e4189d6) Importer(815301076,1909f56bfc062723c751e8b465ee728b)
Start importing Assets/Shader/deptwater/deptwater.shadergraph using Guid(ce1ef30a227021a45915a8601e4189d6) Importer(815301076,1909f56bfc062723c751e8b465ee728b)  -> (artifact id: 'a28342bedaf29929c201611b53e9f9b6') in 0.005634 seconds 
  Import took 0.014150 seconds .

========================================================================
Received Import Request.
  Time since last request: 0.970743 seconds.
  path: Assets/Shader/water2color/water2color.shadergraph
  artifactKey: Guid(8c09fb6ff5b241d4b832e8fc3d604ae3) Importer(815301076,1909f56bfc062723c751e8b465ee728b)
Start importing Assets/Shader/water2color/water2color.shadergraph using Guid(8c09fb6ff5b241d4b832e8fc3d604ae3) Importer(815301076,1909f56bfc062723c751e8b465ee728b)  -> (artifact id: '731046861c6998e3d64bff231d84691d') in 0.005424 seconds 
  Import took 0.018182 seconds .

========================================================================
Received Import Request.
  Time since last request: 141.851173 seconds.
  path: Assets/Shader/water2color/water2color.shadersubgraph
  artifactKey: Guid(4a8e01532d44bdc42843cd7b4f14f4b4) Importer(815301076,1909f56bfc062723c751e8b465ee728b)
Start importing Assets/Shader/water2color/water2color.shadersubgraph using Guid(4a8e01532d44bdc42843cd7b4f14f4b4) Importer(815301076,1909f56bfc062723c751e8b465ee728b)  -> (artifact id: 'f4eb6f5142b2c22a8db16dd9ce13fed5') in 0.018740 seconds 
  Import took 0.026533 seconds .

========================================================================
Received Import Request.
  Time since last request: 6.446567 seconds.
  path: Assets/Shader/water2color/water2color.shadergraph
  artifactKey: Guid(8c09fb6ff5b241d4b832e8fc3d604ae3) Importer(815301076,1909f56bfc062723c751e8b465ee728b)
Start importing Assets/Shader/water2color/water2color.shadergraph using Guid(8c09fb6ff5b241d4b832e8fc3d604ae3) Importer(815301076,1909f56bfc062723c751e8b465ee728b)  -> (artifact id: 'bf2c60c79e785db963abcb30abf489e0') in 0.010876 seconds 
  Import took 0.019032 seconds .

========================================================================
Received Import Request.
  Time since last request: 15.246056 seconds.
  path: Assets/Shader/watermove/watermove.shadersubgraph
  artifactKey: Guid(7b68578d338b7044c82e0350edfa9d65) Importer(815301076,1909f56bfc062723c751e8b465ee728b)
Start importing Assets/Shader/watermove/watermove.shadersubgraph using Guid(7b68578d338b7044c82e0350edfa9d65) Importer(815301076,1909f56bfc062723c751e8b465ee728b)  -> (artifact id: 'b08a66df690962277c35ee585d90ceab') in 0.010760 seconds 
  Import took 0.019205 seconds .

========================================================================
Received Import Request.
  Time since last request: 202.258567 seconds.
  path: Assets/Shader/watermove/watermove.shadergraph
  artifactKey: Guid(0e1c1a66c4a132c4289ce4d11591df33) Importer(815301076,1909f56bfc062723c751e8b465ee728b)
Start importing Assets/Shader/watermove/watermove.shadergraph using Guid(0e1c1a66c4a132c4289ce4d11591df33) Importer(815301076,1909f56bfc062723c751e8b465ee728b)  -> (artifact id: 'd27882d7433aacd8efa19129c588a2e1') in 0.008780 seconds 
  Import took 0.018283 seconds .

========================================================================
Received Import Request.
  Time since last request: 103.269798 seconds.
  path: Assets/Shader/water2move.shadergraph
  artifactKey: Guid(3402814d6128253498f28083a4664c47) Importer(815301076,1909f56bfc062723c751e8b465ee728b)
Start importing Assets/Shader/water2move.shadergraph using Guid(3402814d6128253498f28083a4664c47) Importer(815301076,1909f56bfc062723c751e8b465ee728b)  -> (artifact id: '92291c05c6319046e41580005c0a9990') in 0.009013 seconds 
  Import took 0.021054 seconds .

========================================================================
Received Prepare
Registering precompiled user dll's ...
Registered in 0.004165 seconds.
Begin MonoManager ReloadAssembly
Native extension for WindowsStandalone target not found
Native extension for WebGL target not found
Refreshing native plugins compatible for Editor in 0.69 ms, found 2 plugins.
Preloading 0 native plugins for Editor in 0.00 ms.
Mono: successfully reloaded assembly
- Completed reload, in  1.587 seconds
Domain Reload Profiling:
	ReloadAssembly (1588ms)
		BeginReloadAssembly (171ms)
			ExecutionOrderSort (0ms)
			DisableScriptedObjects (6ms)
			BackupInstance (0ms)
			ReleaseScriptingObjects (0ms)
			CreateAndSetChildDomain (52ms)
		EndReloadAssembly (1320ms)
			LoadAssemblies (127ms)
			RebuildTransferFunctionScriptingTraits (0ms)
			SetupTypeCache (511ms)
			ReleaseScriptCaches (2ms)
			RebuildScriptCaches (59ms)
			SetupLoadedEditorAssemblies (448ms)
				LogAssemblyErrors (0ms)
				InitializePlatformSupportModulesInManaged (7ms)
				SetLoadedEditorAssemblies (1ms)
				RefreshPlugins (1ms)
				BeforeProcessingInitializeOnLoad (93ms)
				ProcessInitializeOnLoadAttributes (325ms)
				ProcessInitializeOnLoadMethodAttributes (14ms)
				AfterProcessingInitializeOnLoad (8ms)
				EditorAssembliesLoaded (0ms)
			ExecutionOrderSort2 (0ms)
			AwakeInstancesAfterBackupRestoration (17ms)
Platform modules already initialized, skipping
Refreshing native plugins compatible for Editor in 0.72 ms, found 2 plugins.
Preloading 0 native plugins for Editor in 0.00 ms.
Unloading 2823 Unused Serialized files (Serialized files now loaded: 0)
System memory in use before: 130.0 MB.
System memory in use after: 130.2 MB.

Unloading 15 unused Assets to reduce memory usage. Loaded Objects now: 3384.
Total: 6.390800 ms (FindLiveObjects: 0.788600 ms CreateObjectMapping: 0.338800 ms MarkObjects: 5.227000 ms  DeleteObjects: 0.033900 ms)

AssetImportParameters requested are different than current active one (requested -> active):
  custom:framework-win-MediaFoundation: 216162199b28c13a410421893ffa2e32 -> 
  custom:video-decoder-ogg-theora: a1e56fd34408186e4bbccfd4996cb3dc -> 
  custom:container-muxer-webm: aa71ff27fc2769a1b78a27578f13a17b -> 
  custom:container-demuxer-webm: 4f35f7cbe854078d1ac9338744f61a02 -> 
  custom:container-demuxer-ogg: 62fdf1f143b41e24485cea50d1cbac27 -> 
  custom:video-encoder-webm-vp8: eb34c28f22e8b96e1ab97ce403110664 -> 
  custom:video-decoder-webm-vp8: 9c59270c3fd7afecdb556c50c9e8de78 -> 
  custom:audio-decoder-ogg-vorbis: bf7c407c2cedff20999df2af8eb42d56 -> 
  custom:audio-encoder-webm-vorbis: bf7c407c2cedff20999df2af8eb42d56 -> 
========================================================================
Received Import Request.
  Time since last request: 304.195523 seconds.
  path: Assets/Shader/water2move.mat
  artifactKey: Guid(d9553daac1e780b449043e5f258ffb8c) Importer(815301076,1909f56bfc062723c751e8b465ee728b)
Start importing Assets/Shader/water2move.mat using Guid(d9553daac1e780b449043e5f258ffb8c) Importer(815301076,1909f56bfc062723c751e8b465ee728b)  -> (artifact id: '10a98924145e940ae945cef04cc81fea') in 0.368180 seconds 
  Import took 0.376034 seconds .

========================================================================
Received Prepare
Registering precompiled user dll's ...
Registered in 0.005623 seconds.
Begin MonoManager ReloadAssembly
Native extension for WindowsStandalone target not found
Native extension for WebGL target not found
Refreshing native plugins compatible for Editor in 0.66 ms, found 2 plugins.
Preloading 0 native plugins for Editor in 0.00 ms.
Mono: successfully reloaded assembly
- Completed reload, in  1.572 seconds
Domain Reload Profiling:
	ReloadAssembly (1573ms)
		BeginReloadAssembly (173ms)
			ExecutionOrderSort (0ms)
			DisableScriptedObjects (9ms)
			BackupInstance (0ms)
			ReleaseScriptingObjects (0ms)
			CreateAndSetChildDomain (53ms)
		EndReloadAssembly (1307ms)
			LoadAssemblies (126ms)
			RebuildTransferFunctionScriptingTraits (0ms)
			SetupTypeCache (460ms)
			ReleaseScriptCaches (2ms)
			RebuildScriptCaches (62ms)
			SetupLoadedEditorAssemblies (431ms)
				LogAssemblyErrors (0ms)
				InitializePlatformSupportModulesInManaged (8ms)
				SetLoadedEditorAssemblies (1ms)
				RefreshPlugins (1ms)
				BeforeProcessingInitializeOnLoad (92ms)
				ProcessInitializeOnLoadAttributes (307ms)
				ProcessInitializeOnLoadMethodAttributes (13ms)
				AfterProcessingInitializeOnLoad (10ms)
				EditorAssembliesLoaded (0ms)
			ExecutionOrderSort2 (0ms)
			AwakeInstancesAfterBackupRestoration (24ms)
Platform modules already initialized, skipping
Refreshing native plugins compatible for Editor in 0.72 ms, found 2 plugins.
Preloading 0 native plugins for Editor in 0.00 ms.
Unloading 2823 Unused Serialized files (Serialized files now loaded: 0)
System memory in use before: 135.4 MB.
System memory in use after: 135.7 MB.

Unloading 15 unused Assets to reduce memory usage. Loaded Objects now: 3465.
Total: 6.687500 ms (FindLiveObjects: 0.636800 ms CreateObjectMapping: 0.217600 ms MarkObjects: 5.801400 ms  DeleteObjects: 0.029900 ms)

AssetImportParameters requested are different than current active one (requested -> active):
  custom:framework-win-MediaFoundation: 216162199b28c13a410421893ffa2e32 -> 
  custom:video-decoder-ogg-theora: a1e56fd34408186e4bbccfd4996cb3dc -> 
  custom:container-muxer-webm: aa71ff27fc2769a1b78a27578f13a17b -> 
  custom:container-demuxer-webm: 4f35f7cbe854078d1ac9338744f61a02 -> 
  custom:container-demuxer-ogg: 62fdf1f143b41e24485cea50d1cbac27 -> 
  custom:video-encoder-webm-vp8: eb34c28f22e8b96e1ab97ce403110664 -> 
  custom:video-decoder-webm-vp8: 9c59270c3fd7afecdb556c50c9e8de78 -> 
  custom:audio-decoder-ogg-vorbis: bf7c407c2cedff20999df2af8eb42d56 -> 
  custom:audio-encoder-webm-vorbis: bf7c407c2cedff20999df2af8eb42d56 -> 
========================================================================
Received Prepare
Registering precompiled user dll's ...
Registered in 0.003688 seconds.
Begin MonoManager ReloadAssembly
Native extension for WindowsStandalone target not found
Native extension for WebGL target not found
Refreshing native plugins compatible for Editor in 0.73 ms, found 2 plugins.
Preloading 0 native plugins for Editor in 0.00 ms.
Mono: successfully reloaded assembly
- Completed reload, in  1.492 seconds
Domain Reload Profiling:
	ReloadAssembly (1493ms)
		BeginReloadAssembly (153ms)
			ExecutionOrderSort (0ms)
			DisableScriptedObjects (6ms)
			BackupInstance (0ms)
			ReleaseScriptingObjects (0ms)
			CreateAndSetChildDomain (56ms)
		EndReloadAssembly (1245ms)
			LoadAssemblies (130ms)
			RebuildTransferFunctionScriptingTraits (0ms)
			SetupTypeCache (444ms)
			ReleaseScriptCaches (2ms)
			RebuildScriptCaches (61ms)
			SetupLoadedEditorAssemblies (396ms)
				LogAssemblyErrors (0ms)
				InitializePlatformSupportModulesInManaged (7ms)
				SetLoadedEditorAssemblies (1ms)
				RefreshPlugins (1ms)
				BeforeProcessingInitializeOnLoad (85ms)
				ProcessInitializeOnLoadAttributes (281ms)
				ProcessInitializeOnLoadMethodAttributes (12ms)
				AfterProcessingInitializeOnLoad (9ms)
				EditorAssembliesLoaded (0ms)
			ExecutionOrderSort2 (0ms)
			AwakeInstancesAfterBackupRestoration (28ms)
Platform modules already initialized, skipping
Refreshing native plugins compatible for Editor in 0.74 ms, found 2 plugins.
Preloading 0 native plugins for Editor in 0.00 ms.
Unloading 2823 Unused Serialized files (Serialized files now loaded: 0)
System memory in use before: 135.5 MB.
System memory in use after: 135.7 MB.

Unloading 15 unused Assets to reduce memory usage. Loaded Objects now: 3467.
Total: 5.655700 ms (FindLiveObjects: 0.565800 ms CreateObjectMapping: 0.174800 ms MarkObjects: 4.881100 ms  DeleteObjects: 0.031700 ms)

AssetImportParameters requested are different than current active one (requested -> active):
  custom:framework-win-MediaFoundation: 216162199b28c13a410421893ffa2e32 -> 
  custom:video-decoder-ogg-theora: a1e56fd34408186e4bbccfd4996cb3dc -> 
  custom:container-muxer-webm: aa71ff27fc2769a1b78a27578f13a17b -> 
  custom:container-demuxer-webm: 4f35f7cbe854078d1ac9338744f61a02 -> 
  custom:container-demuxer-ogg: 62fdf1f143b41e24485cea50d1cbac27 -> 
  custom:video-encoder-webm-vp8: eb34c28f22e8b96e1ab97ce403110664 -> 
  custom:video-decoder-webm-vp8: 9c59270c3fd7afecdb556c50c9e8de78 -> 
  custom:audio-decoder-ogg-vorbis: bf7c407c2cedff20999df2af8eb42d56 -> 
  custom:audio-encoder-webm-vorbis: bf7c407c2cedff20999df2af8eb42d56 -> 
========================================================================
Received Import Request.
  Time since last request: 125.133511 seconds.
  path: Assets/Shader/water2move.mat
  artifactKey: Guid(d9553daac1e780b449043e5f258ffb8c) Importer(815301076,1909f56bfc062723c751e8b465ee728b)
Start importing Assets/Shader/water2move.mat using Guid(d9553daac1e780b449043e5f258ffb8c) Importer(815301076,1909f56bfc062723c751e8b465ee728b)  -> (artifact id: 'e90aa3eef59250e4198764ce0f847094') in 0.267341 seconds 
  Import took 0.275909 seconds .

========================================================================
Received Prepare
Registering precompiled user dll's ...
Registered in 0.005171 seconds.
Begin MonoManager ReloadAssembly
Native extension for WindowsStandalone target not found
Native extension for WebGL target not found
Refreshing native plugins compatible for Editor in 0.69 ms, found 2 plugins.
Preloading 0 native plugins for Editor in 0.00 ms.
Mono: successfully reloaded assembly
- Completed reload, in  1.597 seconds
Domain Reload Profiling:
	ReloadAssembly (1597ms)
		BeginReloadAssembly (167ms)
			ExecutionOrderSort (0ms)
			DisableScriptedObjects (8ms)
			BackupInstance (0ms)
			ReleaseScriptingObjects (0ms)
			CreateAndSetChildDomain (57ms)
		EndReloadAssembly (1328ms)
			LoadAssemblies (133ms)
			RebuildTransferFunctionScriptingTraits (0ms)
			SetupTypeCache (464ms)
			ReleaseScriptCaches (2ms)
			RebuildScriptCaches (64ms)
			SetupLoadedEditorAssemblies (436ms)
				LogAssemblyErrors (0ms)
				InitializePlatformSupportModulesInManaged (6ms)
				SetLoadedEditorAssemblies (1ms)
				RefreshPlugins (1ms)
				BeforeProcessingInitializeOnLoad (101ms)
				ProcessInitializeOnLoadAttributes (307ms)
				ProcessInitializeOnLoadMethodAttributes (12ms)
				AfterProcessingInitializeOnLoad (7ms)
				EditorAssembliesLoaded (0ms)
			ExecutionOrderSort2 (0ms)
			AwakeInstancesAfterBackupRestoration (29ms)
Platform modules already initialized, skipping
Refreshing native plugins compatible for Editor in 0.90 ms, found 2 plugins.
Preloading 0 native plugins for Editor in 0.00 ms.
Unloading 2823 Unused Serialized files (Serialized files now loaded: 0)
System memory in use before: 135.6 MB.
System memory in use after: 135.8 MB.

Unloading 15 unused Assets to reduce memory usage. Loaded Objects now: 3505.
Total: 5.993200 ms (FindLiveObjects: 0.725800 ms CreateObjectMapping: 0.323200 ms MarkObjects: 4.911900 ms  DeleteObjects: 0.029800 ms)

AssetImportParameters requested are different than current active one (requested -> active):
  custom:framework-win-MediaFoundation: 216162199b28c13a410421893ffa2e32 -> 
  custom:video-decoder-ogg-theora: a1e56fd34408186e4bbccfd4996cb3dc -> 
  custom:container-muxer-webm: aa71ff27fc2769a1b78a27578f13a17b -> 
  custom:container-demuxer-webm: 4f35f7cbe854078d1ac9338744f61a02 -> 
  custom:container-demuxer-ogg: 62fdf1f143b41e24485cea50d1cbac27 -> 
  custom:video-encoder-webm-vp8: eb34c28f22e8b96e1ab97ce403110664 -> 
  custom:video-decoder-webm-vp8: 9c59270c3fd7afecdb556c50c9e8de78 -> 
  custom:audio-decoder-ogg-vorbis: bf7c407c2cedff20999df2af8eb42d56 -> 
  custom:audio-encoder-webm-vorbis: bf7c407c2cedff20999df2af8eb42d56 -> 
========================================================================
Received Import Request.
  Time since last request: 28.675743 seconds.
  path: Assets/Shader/water2move.mat
  artifactKey: Guid(d9553daac1e780b449043e5f258ffb8c) Importer(815301076,1909f56bfc062723c751e8b465ee728b)
Start importing Assets/Shader/water2move.mat using Guid(d9553daac1e780b449043e5f258ffb8c) Importer(815301076,1909f56bfc062723c751e8b465ee728b)  -> (artifact id: '83d150a04397dafaa6729e303d386a0e') in 0.246522 seconds 
  Import took 0.254014 seconds .

========================================================================
Received Prepare
Registering precompiled user dll's ...
Registered in 0.004475 seconds.
Begin MonoManager ReloadAssembly
Native extension for WindowsStandalone target not found
Native extension for WebGL target not found
Refreshing native plugins compatible for Editor in 1.21 ms, found 2 plugins.
Preloading 0 native plugins for Editor in 0.00 ms.
Mono: successfully reloaded assembly
- Completed reload, in  1.529 seconds
Domain Reload Profiling:
	ReloadAssembly (1530ms)
		BeginReloadAssembly (158ms)
			ExecutionOrderSort (0ms)
			DisableScriptedObjects (11ms)
			BackupInstance (0ms)
			ReleaseScriptingObjects (0ms)
			CreateAndSetChildDomain (53ms)
		EndReloadAssembly (1287ms)
			LoadAssemblies (139ms)
			RebuildTransferFunctionScriptingTraits (0ms)
			SetupTypeCache (455ms)
			ReleaseScriptCaches (2ms)
			RebuildScriptCaches (63ms)
			SetupLoadedEditorAssemblies (419ms)
				LogAssemblyErrors (0ms)
				InitializePlatformSupportModulesInManaged (7ms)
				SetLoadedEditorAssemblies (1ms)
				RefreshPlugins (1ms)
				BeforeProcessingInitializeOnLoad (86ms)
				ProcessInitializeOnLoadAttributes (301ms)
				ProcessInitializeOnLoadMethodAttributes (14ms)
				AfterProcessingInitializeOnLoad (9ms)
				EditorAssembliesLoaded (0ms)
			ExecutionOrderSort2 (0ms)
			AwakeInstancesAfterBackupRestoration (22ms)
Platform modules already initialized, skipping
Refreshing native plugins compatible for Editor in 0.69 ms, found 2 plugins.
Preloading 0 native plugins for Editor in 0.00 ms.
Unloading 2823 Unused Serialized files (Serialized files now loaded: 0)
System memory in use before: 135.7 MB.
System memory in use after: 136.0 MB.

Unloading 15 unused Assets to reduce memory usage. Loaded Objects now: 3543.
Total: 6.628300 ms (FindLiveObjects: 0.637800 ms CreateObjectMapping: 0.187100 ms MarkObjects: 5.767100 ms  DeleteObjects: 0.030300 ms)

AssetImportParameters requested are different than current active one (requested -> active):
  custom:framework-win-MediaFoundation: 216162199b28c13a410421893ffa2e32 -> 
  custom:video-decoder-ogg-theora: a1e56fd34408186e4bbccfd4996cb3dc -> 
  custom:container-muxer-webm: aa71ff27fc2769a1b78a27578f13a17b -> 
  custom:container-demuxer-webm: 4f35f7cbe854078d1ac9338744f61a02 -> 
  custom:container-demuxer-ogg: 62fdf1f143b41e24485cea50d1cbac27 -> 
  custom:video-encoder-webm-vp8: eb34c28f22e8b96e1ab97ce403110664 -> 
  custom:video-decoder-webm-vp8: 9c59270c3fd7afecdb556c50c9e8de78 -> 
  custom:audio-decoder-ogg-vorbis: bf7c407c2cedff20999df2af8eb42d56 -> 
  custom:audio-encoder-webm-vorbis: bf7c407c2cedff20999df2af8eb42d56 -> 
========================================================================
Received Import Request.
  Time since last request: 29.792558 seconds.
  path: Assets/Shader/water2move.mat
  artifactKey: Guid(d9553daac1e780b449043e5f258ffb8c) Importer(815301076,1909f56bfc062723c751e8b465ee728b)
Start importing Assets/Shader/water2move.mat using Guid(d9553daac1e780b449043e5f258ffb8c) Importer(815301076,1909f56bfc062723c751e8b465ee728b)  -> (artifact id: '266563e5c96bc4a24ea61b923d2ab879') in 0.330726 seconds 
  Import took 0.340775 seconds .

========================================================================
Received Prepare
Registering precompiled user dll's ...
Registered in 0.006309 seconds.
Begin MonoManager ReloadAssembly
Native extension for WindowsStandalone target not found
Native extension for WebGL target not found
Refreshing native plugins compatible for Editor in 0.70 ms, found 2 plugins.
Preloading 0 native plugins for Editor in 0.00 ms.
Mono: successfully reloaded assembly
- Completed reload, in  1.615 seconds
Domain Reload Profiling:
	ReloadAssembly (1615ms)
		BeginReloadAssembly (157ms)
			ExecutionOrderSort (0ms)
			DisableScriptedObjects (11ms)
			BackupInstance (0ms)
			ReleaseScriptingObjects (0ms)
			CreateAndSetChildDomain (49ms)
		EndReloadAssembly (1356ms)
			LoadAssemblies (138ms)
			RebuildTransferFunctionScriptingTraits (0ms)
			SetupTypeCache (492ms)
			ReleaseScriptCaches (2ms)
			RebuildScriptCaches (65ms)
			SetupLoadedEditorAssemblies (433ms)
				LogAssemblyErrors (0ms)
				InitializePlatformSupportModulesInManaged (7ms)
				SetLoadedEditorAssemblies (1ms)
				RefreshPlugins (1ms)
				BeforeProcessingInitializeOnLoad (91ms)
				ProcessInitializeOnLoadAttributes (309ms)
				ProcessInitializeOnLoadMethodAttributes (15ms)
				AfterProcessingInitializeOnLoad (9ms)
				EditorAssembliesLoaded (0ms)
			ExecutionOrderSort2 (0ms)
			AwakeInstancesAfterBackupRestoration (28ms)
Platform modules already initialized, skipping
Refreshing native plugins compatible for Editor in 0.90 ms, found 2 plugins.
Preloading 0 native plugins for Editor in 0.00 ms.
Unloading 2823 Unused Serialized files (Serialized files now loaded: 0)
System memory in use before: 135.9 MB.
System memory in use after: 136.1 MB.

Unloading 15 unused Assets to reduce memory usage. Loaded Objects now: 3581.
Total: 5.656800 ms (FindLiveObjects: 0.760700 ms CreateObjectMapping: 0.197700 ms MarkObjects: 4.667300 ms  DeleteObjects: 0.028300 ms)

AssetImportParameters requested are different than current active one (requested -> active):
  custom:framework-win-MediaFoundation: 216162199b28c13a410421893ffa2e32 -> 
  custom:video-decoder-ogg-theora: a1e56fd34408186e4bbccfd4996cb3dc -> 
  custom:container-muxer-webm: aa71ff27fc2769a1b78a27578f13a17b -> 
  custom:container-demuxer-webm: 4f35f7cbe854078d1ac9338744f61a02 -> 
  custom:container-demuxer-ogg: 62fdf1f143b41e24485cea50d1cbac27 -> 
  custom:video-encoder-webm-vp8: eb34c28f22e8b96e1ab97ce403110664 -> 
  custom:video-decoder-webm-vp8: 9c59270c3fd7afecdb556c50c9e8de78 -> 
  custom:audio-decoder-ogg-vorbis: bf7c407c2cedff20999df2af8eb42d56 -> 
  custom:audio-encoder-webm-vorbis: bf7c407c2cedff20999df2af8eb42d56 -> 
========================================================================
Received Import Request.
  Time since last request: 65.091512 seconds.
  path: Assets/Shader/water2move.mat
  artifactKey: Guid(d9553daac1e780b449043e5f258ffb8c) Importer(815301076,1909f56bfc062723c751e8b465ee728b)
Start importing Assets/Shader/water2move.mat using Guid(d9553daac1e780b449043e5f258ffb8c) Importer(815301076,1909f56bfc062723c751e8b465ee728b)  -> (artifact id: '8884295a4310cbc9567613b3b323af35') in 0.261228 seconds 
  Import took 0.271798 seconds .

========================================================================
Received Prepare
Registering precompiled user dll's ...
Registered in 0.003557 seconds.
Begin MonoManager ReloadAssembly
Native extension for WindowsStandalone target not found
Native extension for WebGL target not found
Refreshing native plugins compatible for Editor in 0.97 ms, found 2 plugins.
Preloading 0 native plugins for Editor in 0.00 ms.
Mono: successfully reloaded assembly
- Completed reload, in  1.626 seconds
Domain Reload Profiling:
	ReloadAssembly (1627ms)
		BeginReloadAssembly (173ms)
			ExecutionOrderSort (0ms)
			DisableScriptedObjects (10ms)
			BackupInstance (0ms)
			ReleaseScriptingObjects (0ms)
			CreateAndSetChildDomain (63ms)
		EndReloadAssembly (1358ms)
			LoadAssemblies (139ms)
			RebuildTransferFunctionScriptingTraits (0ms)
			SetupTypeCache (481ms)
			ReleaseScriptCaches (2ms)
			RebuildScriptCaches (65ms)
			SetupLoadedEditorAssemblies (433ms)
				LogAssemblyErrors (0ms)
				InitializePlatformSupportModulesInManaged (8ms)
				SetLoadedEditorAssemblies (1ms)
				RefreshPlugins (1ms)
				BeforeProcessingInitializeOnLoad (96ms)
				ProcessInitializeOnLoadAttributes (308ms)
				ProcessInitializeOnLoadMethodAttributes (11ms)
				AfterProcessingInitializeOnLoad (7ms)
				EditorAssembliesLoaded (0ms)
			ExecutionOrderSort2 (0ms)
			AwakeInstancesAfterBackupRestoration (23ms)
Platform modules already initialized, skipping
Refreshing native plugins compatible for Editor in 0.84 ms, found 2 plugins.
Preloading 0 native plugins for Editor in 0.00 ms.
Unloading 2823 Unused Serialized files (Serialized files now loaded: 0)
System memory in use before: 136.0 MB.
System memory in use after: 136.2 MB.

Unloading 15 unused Assets to reduce memory usage. Loaded Objects now: 3619.
Total: 7.212400 ms (FindLiveObjects: 0.545600 ms CreateObjectMapping: 0.201500 ms MarkObjects: 6.425000 ms  DeleteObjects: 0.038100 ms)

AssetImportParameters requested are different than current active one (requested -> active):
  custom:framework-win-MediaFoundation: 216162199b28c13a410421893ffa2e32 -> 
  custom:video-decoder-ogg-theora: a1e56fd34408186e4bbccfd4996cb3dc -> 
  custom:container-muxer-webm: aa71ff27fc2769a1b78a27578f13a17b -> 
  custom:container-demuxer-webm: 4f35f7cbe854078d1ac9338744f61a02 -> 
  custom:container-demuxer-ogg: 62fdf1f143b41e24485cea50d1cbac27 -> 
  custom:video-encoder-webm-vp8: eb34c28f22e8b96e1ab97ce403110664 -> 
  custom:video-decoder-webm-vp8: 9c59270c3fd7afecdb556c50c9e8de78 -> 
  custom:audio-decoder-ogg-vorbis: bf7c407c2cedff20999df2af8eb42d56 -> 
  custom:audio-encoder-webm-vorbis: bf7c407c2cedff20999df2af8eb42d56 -> 
========================================================================
Received Import Request.
  Time since last request: 22.211688 seconds.
  path: Assets/Shader/water2move.mat
  artifactKey: Guid(d9553daac1e780b449043e5f258ffb8c) Importer(815301076,1909f56bfc062723c751e8b465ee728b)
Start importing Assets/Shader/water2move.mat using Guid(d9553daac1e780b449043e5f258ffb8c) Importer(815301076,1909f56bfc062723c751e8b465ee728b)  -> (artifact id: 'e57f00dce76acbbc7730c4771dbf2d8a') in 0.270498 seconds 
  Import took 0.279127 seconds .

========================================================================
Received Prepare
Registering precompiled user dll's ...
Registered in 0.003474 seconds.
Begin MonoManager ReloadAssembly
Native extension for WindowsStandalone target not found
Native extension for WebGL target not found
Refreshing native plugins compatible for Editor in 0.68 ms, found 2 plugins.
Preloading 0 native plugins for Editor in 0.00 ms.
Mono: successfully reloaded assembly
- Completed reload, in  1.639 seconds
Domain Reload Profiling:
	ReloadAssembly (1640ms)
		BeginReloadAssembly (153ms)
			ExecutionOrderSort (0ms)
			DisableScriptedObjects (9ms)
			BackupInstance (0ms)
			ReleaseScriptingObjects (1ms)
			CreateAndSetChildDomain (51ms)
		EndReloadAssembly (1395ms)
			LoadAssemblies (120ms)
			RebuildTransferFunctionScriptingTraits (0ms)
			SetupTypeCache (468ms)
			ReleaseScriptCaches (2ms)
			RebuildScriptCaches (61ms)
			SetupLoadedEditorAssemblies (511ms)
				LogAssemblyErrors (0ms)
				InitializePlatformSupportModulesInManaged (6ms)
				SetLoadedEditorAssemblies (1ms)
				RefreshPlugins (1ms)
				BeforeProcessingInitializeOnLoad (98ms)
				ProcessInitializeOnLoadAttributes (381ms)
				ProcessInitializeOnLoadMethodAttributes (16ms)
				AfterProcessingInitializeOnLoad (8ms)
				EditorAssembliesLoaded (0ms)
			ExecutionOrderSort2 (0ms)
			AwakeInstancesAfterBackupRestoration (36ms)
Platform modules already initialized, skipping
Refreshing native plugins compatible for Editor in 0.84 ms, found 2 plugins.
Preloading 0 native plugins for Editor in 0.00 ms.
Unloading 2823 Unused Serialized files (Serialized files now loaded: 0)
System memory in use before: 136.1 MB.
System memory in use after: 136.4 MB.

Unloading 15 unused Assets to reduce memory usage. Loaded Objects now: 3657.
Total: 7.381400 ms (FindLiveObjects: 0.479900 ms CreateObjectMapping: 0.170200 ms MarkObjects: 6.699800 ms  DeleteObjects: 0.029700 ms)

AssetImportParameters requested are different than current active one (requested -> active):
  custom:framework-win-MediaFoundation: 216162199b28c13a410421893ffa2e32 -> 
  custom:video-decoder-ogg-theora: a1e56fd34408186e4bbccfd4996cb3dc -> 
  custom:container-muxer-webm: aa71ff27fc2769a1b78a27578f13a17b -> 
  custom:container-demuxer-webm: 4f35f7cbe854078d1ac9338744f61a02 -> 
  custom:container-demuxer-ogg: 62fdf1f143b41e24485cea50d1cbac27 -> 
  custom:video-encoder-webm-vp8: eb34c28f22e8b96e1ab97ce403110664 -> 
  custom:video-decoder-webm-vp8: 9c59270c3fd7afecdb556c50c9e8de78 -> 
  custom:audio-decoder-ogg-vorbis: bf7c407c2cedff20999df2af8eb42d56 -> 
  custom:audio-encoder-webm-vorbis: bf7c407c2cedff20999df2af8eb42d56 -> 
========================================================================
Received Import Request.
  Time since last request: 239.088156 seconds.
  path: Assets/Shader/water2move
  artifactKey: Guid(e201117c1de6a8340a407258083318bd) Importer(815301076,1909f56bfc062723c751e8b465ee728b)
Start importing Assets/Shader/water2move using Guid(e201117c1de6a8340a407258083318bd) Importer(815301076,1909f56bfc062723c751e8b465ee728b)  -> (artifact id: '973e274b21d735822e6888e924b78cf6') in 0.014271 seconds 
  Import took 0.022747 seconds .

========================================================================
Received Import Request.
  Time since last request: 18.016116 seconds.
  path: Assets/Shader/fromcontrol
  artifactKey: Guid(fefa5017d40a6f2488ba05ac82f61114) Importer(815301076,1909f56bfc062723c751e8b465ee728b)
Start importing Assets/Shader/fromcontrol using Guid(fefa5017d40a6f2488ba05ac82f61114) Importer(815301076,1909f56bfc062723c751e8b465ee728b)  -> (artifact id: 'a57bb80048a50940674bae9af61a3ae0') in 0.020024 seconds 
  Import took 0.029994 seconds .

========================================================================
Received Import Request.
  Time since last request: 11.732614 seconds.
  path: Assets/Shader/fromcontrol/New Shader Graph.shadergraph
  artifactKey: Guid(646c9b932daaa864dbf676b7abc5036f) Importer(815301076,1909f56bfc062723c751e8b465ee728b)
Start importing Assets/Shader/fromcontrol/New Shader Graph.shadergraph using Guid(646c9b932daaa864dbf676b7abc5036f) Importer(815301076,1909f56bfc062723c751e8b465ee728b)  -> (artifact id: '4fcc52e003be4387969eaf93926194b0') in 0.043687 seconds 
  Import took 0.052334 seconds .

========================================================================
Received Import Request.
  Time since last request: 13.047147 seconds.
  path: Assets/Shader/fromcontrol/fromcontrol.shadergraph
  artifactKey: Guid(646c9b932daaa864dbf676b7abc5036f) Importer(815301076,1909f56bfc062723c751e8b465ee728b)
Start importing Assets/Shader/fromcontrol/fromcontrol.shadergraph using Guid(646c9b932daaa864dbf676b7abc5036f) Importer(815301076,1909f56bfc062723c751e8b465ee728b)  -> (artifact id: 'b083dace294f6c2466b951b2ca4a13b0') in 0.009174 seconds 
  Import took 0.018094 seconds .

========================================================================
Received Import Request.
  Time since last request: 322.904879 seconds.
  path: Assets/Shader/fromcontrol/fromcontrol.shadergraph
  artifactKey: Guid(646c9b932daaa864dbf676b7abc5036f) Importer(815301076,1909f56bfc062723c751e8b465ee728b)
Start importing Assets/Shader/fromcontrol/fromcontrol.shadergraph using Guid(646c9b932daaa864dbf676b7abc5036f) Importer(815301076,1909f56bfc062723c751e8b465ee728b)  -> (artifact id: 'ca5bd0716e6b5ed0143941ba9dfd42cf') in 0.009570 seconds 
  Import took 0.020364 seconds .

========================================================================
Received Import Request.
  Time since last request: 105.794285 seconds.
  path: Assets/Stylized Environnement - Free Pack/Prefabs/crystal_01.prefab
  artifactKey: Guid(9cf4c2a6fda934689a54f304efc01674) Importer(815301076,1909f56bfc062723c751e8b465ee728b)
Start importing Assets/Stylized Environnement - Free Pack/Prefabs/crystal_01.prefab using Guid(9cf4c2a6fda934689a54f304efc01674) Importer(815301076,1909f56bfc062723c751e8b465ee728b)  -> (artifact id: '451ea2b572f76e41e6cdfde0ea98ca0f') in 0.277684 seconds 
  Import took 0.286035 seconds .

========================================================================
Received Import Request.
  Time since last request: 0.000248 seconds.
  path: Packages/com.unity.render-pipelines.core/Runtime/Debugging/Prefabs/Widgets/DebugUI EnumHistory.prefab
  artifactKey: Guid(b2da6b27df236b144b3516ed8e7d36ac) Importer(815301076,1909f56bfc062723c751e8b465ee728b)
Start importing Packages/com.unity.render-pipelines.core/Runtime/Debugging/Prefabs/Widgets/DebugUI EnumHistory.prefab using Guid(b2da6b27df236b144b3516ed8e7d36ac) Importer(815301076,1909f56bfc062723c751e8b465ee728b)  -> (artifact id: 'd0c44f6057e5f6127232c7bc3ec62986') in 0.030803 seconds 
  Import took 0.038950 seconds .

========================================================================
Received Import Request.
  Time since last request: 0.000431 seconds.
  path: Packages/com.unity.render-pipelines.core/Runtime/Debugging/Prefabs/Widgets/DebugUI Group.prefab
  artifactKey: Guid(38a07789c9e87004dad98c2909f58369) Importer(815301076,1909f56bfc062723c751e8b465ee728b)
Start importing Packages/com.unity.render-pipelines.core/Runtime/Debugging/Prefabs/Widgets/DebugUI Group.prefab using Guid(38a07789c9e87004dad98c2909f58369) Importer(815301076,1909f56bfc062723c751e8b465ee728b)  -> (artifact id: 'cf7634f4c51941ea967ab6ed2ec32e42') in 0.029847 seconds 
  Import took 0.038714 seconds .

========================================================================
Received Import Request.
  Time since last request: 0.000294 seconds.
  path: Packages/com.unity.render-pipelines.core/Runtime/Debugging/Prefabs/Resources/DebugUI Persistent Canvas.prefab
  artifactKey: Guid(f6b1a0fe75d5009449cf55ae76220e2b) Importer(815301076,1909f56bfc062723c751e8b465ee728b)
Start importing Packages/com.unity.render-pipelines.core/Runtime/Debugging/Prefabs/Resources/DebugUI Persistent Canvas.prefab using Guid(f6b1a0fe75d5009449cf55ae76220e2b) Importer(815301076,1909f56bfc062723c751e8b465ee728b)  -> (artifact id: '7a3a3a69cf4bfc814835621aee3c541f') in 0.025064 seconds 
  Import took 0.032702 seconds .

========================================================================
Received Import Request.
  Time since last request: 0.000351 seconds.
  path: Packages/com.unity.render-pipelines.core/Runtime/Debugging/Prefabs/Widgets/DebugUI Vector3.prefab
  artifactKey: Guid(94afea5f242d72547979595ba963f335) Importer(815301076,1909f56bfc062723c751e8b465ee728b)
Start importing Packages/com.unity.render-pipelines.core/Runtime/Debugging/Prefabs/Widgets/DebugUI Vector3.prefab using Guid(94afea5f242d72547979595ba963f335) Importer(815301076,1909f56bfc062723c751e8b465ee728b)  -> (artifact id: '3f93fadeab0b2f00870885c39e6d7473') in 0.031350 seconds 
  Import took 0.039291 seconds .

========================================================================
Received Import Request.
  Time since last request: 0.000360 seconds.
  path: Packages/com.unity.render-pipelines.core/Runtime/Debugging/Prefabs/Widgets/DebugUI Row.prefab
  artifactKey: Guid(2d019437ff89b8d44949727731cd9357) Importer(815301076,1909f56bfc062723c751e8b465ee728b)
Start importing Packages/com.unity.render-pipelines.core/Runtime/Debugging/Prefabs/Widgets/DebugUI Row.prefab using Guid(2d019437ff89b8d44949727731cd9357) Importer(815301076,1909f56bfc062723c751e8b465ee728b)  -> (artifact id: '1edd36e0ab3875e26f800400ac95790d') in 0.018471 seconds 
  Import took 0.026331 seconds .

========================================================================
Received Import Request.
  Time since last request: 0.000235 seconds.
  path: Packages/com.unity.render-pipelines.core/Runtime/Debugging/Prefabs/Widgets/DebugUI ToggleHistory.prefab
  artifactKey: Guid(5088d0220f0c4df439cf06c5c270eacb) Importer(815301076,1909f56bfc062723c751e8b465ee728b)
Start importing Packages/com.unity.render-pipelines.core/Runtime/Debugging/Prefabs/Widgets/DebugUI ToggleHistory.prefab using Guid(5088d0220f0c4df439cf06c5c270eacb) Importer(815301076,1909f56bfc062723c751e8b465ee728b)  -> (artifact id: 'f399db7a27ca51ceca0b5aad967bb30e') in 0.025959 seconds 
  Import took 0.032850 seconds .

========================================================================
Received Import Request.
  Time since last request: 0.000311 seconds.
  path: Packages/com.unity.render-pipelines.core/Runtime/Debugging/Prefabs/Widgets/DebugUI HBox.prefab
  artifactKey: Guid(f7f5e36797cf0c1408561665c67b179b) Importer(815301076,1909f56bfc062723c751e8b465ee728b)
Start importing Packages/com.unity.render-pipelines.core/Runtime/Debugging/Prefabs/Widgets/DebugUI HBox.prefab using Guid(f7f5e36797cf0c1408561665c67b179b) Importer(815301076,1909f56bfc062723c751e8b465ee728b)  -> (artifact id: '1cd22e78d3ef1b79fab2cdf1ec4fabfa') in 0.015955 seconds 
  Import took 0.023078 seconds .

========================================================================
Received Import Request.
  Time since last request: 0.000424 seconds.
  path: Packages/com.unity.render-pipelines.core/Runtime/Debugging/Prefabs/Widgets/DebugUI Foldout.prefab
  artifactKey: Guid(1c87ab2ce8b8b304d98fbe9a734b1f74) Importer(815301076,1909f56bfc062723c751e8b465ee728b)
Start importing Packages/com.unity.render-pipelines.core/Runtime/Debugging/Prefabs/Widgets/DebugUI Foldout.prefab using Guid(1c87ab2ce8b8b304d98fbe9a734b1f74) Importer(815301076,1909f56bfc062723c751e8b465ee728b)  -> (artifact id: 'e33fdfd65a748d0a36f4a49e83c33e1f') in 0.020098 seconds 
  Import took 0.028937 seconds .

========================================================================
Received Import Request.
  Time since last request: 0.000304 seconds.
  path: Assets/Stylized Environnement - Free Pack/Prefabs/Terrain.prefab
  artifactKey: Guid(d5c679fa5cb6c4b1291dc05ad7c3d71e) Importer(815301076,1909f56bfc062723c751e8b465ee728b)
Start importing Assets/Stylized Environnement - Free Pack/Prefabs/Terrain.prefab using Guid(d5c679fa5cb6c4b1291dc05ad7c3d71e) Importer(815301076,1909f56bfc062723c751e8b465ee728b)  -> (artifact id: 'c7b0bb9b576644d2a205e3dccc589317') in 0.032732 seconds 
  Import took 0.041796 seconds .

========================================================================
Received Import Request.
  Time since last request: 0.000295 seconds.
  path: Assets/Stylized Environnement - Free Pack/Prefabs/rock_02.prefab
  artifactKey: Guid(871c34634d3fd4159ac7d149e826b61a) Importer(815301076,1909f56bfc062723c751e8b465ee728b)
Start importing Assets/Stylized Environnement - Free Pack/Prefabs/rock_02.prefab using Guid(871c34634d3fd4159ac7d149e826b61a) Importer(815301076,1909f56bfc062723c751e8b465ee728b)  -> (artifact id: '7a136018eaf6c840791624fb22bd3134') in 0.046436 seconds 
  Import took 0.052276 seconds .

========================================================================
Received Import Request.
  Time since last request: 0.000231 seconds.
  path: Packages/com.unity.render-pipelines.core/Runtime/Debugging/Prefabs/Widgets/DebugUI Panel.prefab
  artifactKey: Guid(daa46a58178a6ad41ae1ddc2dc7f856d) Importer(815301076,1909f56bfc062723c751e8b465ee728b)
Start importing Packages/com.unity.render-pipelines.core/Runtime/Debugging/Prefabs/Widgets/DebugUI Panel.prefab using Guid(daa46a58178a6ad41ae1ddc2dc7f856d) Importer(815301076,1909f56bfc062723c751e8b465ee728b)  -> (artifact id: '015cba9091a3abc5e5515c877d1a74d8') in 0.035218 seconds 
  Import took 0.041716 seconds .

========================================================================
Received Import Request.
  Time since last request: 0.000236 seconds.
  path: Packages/com.unity.render-pipelines.core/Runtime/Debugging/Prefabs/Widgets/DebugUI UIntField.prefab
  artifactKey: Guid(f22bcc84a5f4a1944b075a2c4ac71493) Importer(815301076,1909f56bfc062723c751e8b465ee728b)
Start importing Packages/com.unity.render-pipelines.core/Runtime/Debugging/Prefabs/Widgets/DebugUI UIntField.prefab using Guid(f22bcc84a5f4a1944b075a2c4ac71493) Importer(815301076,1909f56bfc062723c751e8b465ee728b)  -> (artifact id: 'e1f5e3de2f71cef4f6b23aed5f3781e2') in 0.019494 seconds 
  Import took 0.027084 seconds .

========================================================================
Received Import Request.
  Time since last request: 0.000364 seconds.
  path: Packages/com.unity.render-pipelines.core/Runtime/Debugging/Prefabs/Widgets/DebugUI Color.prefab
  artifactKey: Guid(77c185820dd1a464eac89cae3abccddf) Importer(815301076,1909f56bfc062723c751e8b465ee728b)
Start importing Packages/com.unity.render-pipelines.core/Runtime/Debugging/Prefabs/Widgets/DebugUI Color.prefab using Guid(77c185820dd1a464eac89cae3abccddf) Importer(815301076,1909f56bfc062723c751e8b465ee728b)  -> (artifact id: '8cf6518292708d3c1848ce59bdb2865c') in 0.026869 seconds 
  Import took 0.034710 seconds .

========================================================================
Received Import Request.
  Time since last request: 0.000239 seconds.
  path: Assets/Stylized Environnement - Free Pack/Prefabs/foliage.prefab
  artifactKey: Guid(2577eb475b13744c9a18e5244aea97af) Importer(815301076,1909f56bfc062723c751e8b465ee728b)
Start importing Assets/Stylized Environnement - Free Pack/Prefabs/foliage.prefab using Guid(2577eb475b13744c9a18e5244aea97af) Importer(815301076,1909f56bfc062723c751e8b465ee728b)  -> (artifact id: 'f10ebe58b372d64d27494afde923c717') in 0.049326 seconds 
  Import took 0.057223 seconds .

========================================================================
Received Import Request.
  Time since last request: 0.000329 seconds.
  path: Assets/Stylized Environnement - Free Pack/Prefabs/rock_01.prefab
  artifactKey: Guid(a758c9966af9e45ab9f4f272a35a2e08) Importer(815301076,1909f56bfc062723c751e8b465ee728b)
Start importing Assets/Stylized Environnement - Free Pack/Prefabs/rock_01.prefab using Guid(a758c9966af9e45ab9f4f272a35a2e08) Importer(815301076,1909f56bfc062723c751e8b465ee728b)  -> (artifact id: 'e6811f6bbd76ea19887814ee7e168fb2') in 0.053539 seconds 
  Import took 0.061282 seconds .

========================================================================
Received Import Request.
  Time since last request: 0.000290 seconds.
  path: Packages/com.unity.render-pipelines.core/Runtime/Debugging/Prefabs/Widgets/DebugUI Value.prefab
  artifactKey: Guid(dc0f88987826e6e48b1fe9c7c2b53a53) Importer(815301076,1909f56bfc062723c751e8b465ee728b)
Start importing Packages/com.unity.render-pipelines.core/Runtime/Debugging/Prefabs/Widgets/DebugUI Value.prefab using Guid(dc0f88987826e6e48b1fe9c7c2b53a53) Importer(815301076,1909f56bfc062723c751e8b465ee728b)  -> (artifact id: '4d7e9a1fdf9a9b9b2ada89d5e96e124b') in 0.018037 seconds 
  Import took 0.026825 seconds .

========================================================================
Received Import Request.
  Time since last request: 0.000330 seconds.
  path: Packages/com.unity.render-pipelines.core/Runtime/Debugging/Prefabs/Widgets/DebugUI Button.prefab
  artifactKey: Guid(f6ce33b91f6ffe54cadacbf4bb112440) Importer(815301076,1909f56bfc062723c751e8b465ee728b)
Start importing Packages/com.unity.render-pipelines.core/Runtime/Debugging/Prefabs/Widgets/DebugUI Button.prefab using Guid(f6ce33b91f6ffe54cadacbf4bb112440) Importer(815301076,1909f56bfc062723c751e8b465ee728b)  -> (artifact id: 'b5ec69be1124f02270d568d1f6d56f26') in 0.024320 seconds 
  Import took 0.032570 seconds .

========================================================================
Received Import Request.
  Time since last request: 0.000229 seconds.
  path: Packages/com.unity.render-pipelines.core/Runtime/Debugging/Prefabs/Widgets/DebugUI IntField.prefab
  artifactKey: Guid(ae00bb75e0cd5b04b8fe7fb4ab662629) Importer(815301076,1909f56bfc062723c751e8b465ee728b)
Start importing Packages/com.unity.render-pipelines.core/Runtime/Debugging/Prefabs/Widgets/DebugUI IntField.prefab using Guid(ae00bb75e0cd5b04b8fe7fb4ab662629) Importer(815301076,1909f56bfc062723c751e8b465ee728b)  -> (artifact id: 'cf5bc1244594648d9c5e1438f6233290') in 0.017569 seconds 
  Import took 0.024277 seconds .

========================================================================
Received Import Request.
  Time since last request: 0.000316 seconds.
  path: Packages/com.unity.render-pipelines.core/Runtime/Debugging/Prefabs/Widgets/DebugUI Vector4.prefab
  artifactKey: Guid(d47f009476100f545971a81ede14c750) Importer(815301076,1909f56bfc062723c751e8b465ee728b)
Start importing Packages/com.unity.render-pipelines.core/Runtime/Debugging/Prefabs/Widgets/DebugUI Vector4.prefab using Guid(d47f009476100f545971a81ede14c750) Importer(815301076,1909f56bfc062723c751e8b465ee728b)  -> (artifact id: '3fadef0bcd6b61d5e34b797e5b925f8d') in 0.020883 seconds 
  Import took 0.029226 seconds .

========================================================================
Received Import Request.
  Time since last request: 0.000245 seconds.
  path: Packages/com.unity.render-pipelines.core/Runtime/Debugging/Prefabs/Widgets/DebugUI EnumField.prefab
  artifactKey: Guid(988db55689193434fb0b3b89538f978f) Importer(815301076,1909f56bfc062723c751e8b465ee728b)
Start importing Packages/com.unity.render-pipelines.core/Runtime/Debugging/Prefabs/Widgets/DebugUI EnumField.prefab using Guid(988db55689193434fb0b3b89538f978f) Importer(815301076,1909f56bfc062723c751e8b465ee728b)  -> (artifact id: '6b6071c96b3bde24a544ff094bcb5a8e') in 0.017821 seconds 
  Import took 0.025110 seconds .

========================================================================
Received Import Request.
  Time since last request: 0.000480 seconds.
  path: Packages/com.unity.render-pipelines.core/Runtime/Debugging/Prefabs/Widgets/DebugUI FloatField.prefab
  artifactKey: Guid(7d4fd3415ea7dd64bbcfe13fb48a730b) Importer(815301076,1909f56bfc062723c751e8b465ee728b)
Start importing Packages/com.unity.render-pipelines.core/Runtime/Debugging/Prefabs/Widgets/DebugUI FloatField.prefab using Guid(7d4fd3415ea7dd64bbcfe13fb48a730b) Importer(815301076,1909f56bfc062723c751e8b465ee728b)  -> (artifact id: '4dc702b0fc6757f1107e65db8b785707') in 0.019472 seconds 
  Import took 0.026063 seconds .

========================================================================
Received Import Request.
  Time since last request: 0.000440 seconds.
  path: Assets/Stylized Environnement - Free Pack/Prefabs/Particle.prefab
  artifactKey: Guid(aafaafdb6e4ac46208a1dc08df4094b5) Importer(815301076,1909f56bfc062723c751e8b465ee728b)
Start importing Assets/Stylized Environnement - Free Pack/Prefabs/Particle.prefab using Guid(aafaafdb6e4ac46208a1dc08df4094b5) Importer(815301076,1909f56bfc062723c751e8b465ee728b)  -> (artifact id: '7ff473811e9455376c679c8e06576dd5') in 0.033579 seconds 
  Import took 0.042269 seconds .

========================================================================
Received Import Request.
  Time since last request: 0.000297 seconds.
  path: Packages/com.unity.render-pipelines.core/Runtime/Debugging/Prefabs/Widgets/DebugUI BitField.prefab
  artifactKey: Guid(7c78b588b2e1f7c4a86ca4a985cf6e4a) Importer(815301076,1909f56bfc062723c751e8b465ee728b)
Start importing Packages/com.unity.render-pipelines.core/Runtime/Debugging/Prefabs/Widgets/DebugUI BitField.prefab using Guid(7c78b588b2e1f7c4a86ca4a985cf6e4a) Importer(815301076,1909f56bfc062723c751e8b465ee728b)  -> (artifact id: 'cc9cff8297f55b3aab42ceef48174c96') in 0.033188 seconds 
  Import took 0.042759 seconds .

========================================================================
Received Import Request.
  Time since last request: 0.000336 seconds.
  path: Packages/com.unity.render-pipelines.core/Runtime/Debugging/Prefabs/Widgets/DebugUI Vector2.prefab
  artifactKey: Guid(326f7c58aed965d41bf7805a782d1e44) Importer(815301076,1909f56bfc062723c751e8b465ee728b)
Start importing Packages/com.unity.render-pipelines.core/Runtime/Debugging/Prefabs/Widgets/DebugUI Vector2.prefab using Guid(326f7c58aed965d41bf7805a782d1e44) Importer(815301076,1909f56bfc062723c751e8b465ee728b)  -> (artifact id: 'e834052b361802677df06d43757e2389') in 0.020374 seconds 
  Import took 0.028601 seconds .

========================================================================
Received Import Request.
  Time since last request: 0.000240 seconds.
  path: Assets/Stylized Environnement - Free Pack/Prefabs/tree_01.prefab
  artifactKey: Guid(7a091e571084f4d1e985fb353b54ac86) Importer(815301076,1909f56bfc062723c751e8b465ee728b)
Start importing Assets/Stylized Environnement - Free Pack/Prefabs/tree_01.prefab using Guid(7a091e571084f4d1e985fb353b54ac86) Importer(815301076,1909f56bfc062723c751e8b465ee728b)  -> (artifact id: '33a07b8e093aabffd7e643cf85098632') in 0.057414 seconds 
  Import took 0.065224 seconds .

========================================================================
Received Import Request.
  Time since last request: 0.000274 seconds.
  path: Packages/com.unity.render-pipelines.core/Runtime/Debugging/Prefabs/Widgets/DebugUI VBox.prefab
  artifactKey: Guid(ca3e294656861a64b8aeeb9f916da0a9) Importer(815301076,1909f56bfc062723c751e8b465ee728b)
Start importing Packages/com.unity.render-pipelines.core/Runtime/Debugging/Prefabs/Widgets/DebugUI VBox.prefab using Guid(ca3e294656861a64b8aeeb9f916da0a9) Importer(815301076,1909f56bfc062723c751e8b465ee728b)  -> (artifact id: '25f58d5ccdc824721610b9def8ad8ea3') in 0.018958 seconds 
  Import took 0.026297 seconds .

========================================================================
Received Import Request.
  Time since last request: 0.000244 seconds.
  path: Assets/Stylized Environnement - Free Pack/Prefabs/trunk.prefab
  artifactKey: Guid(314adce1424fa42888bcb1facdc53f56) Importer(815301076,1909f56bfc062723c751e8b465ee728b)
Start importing Assets/Stylized Environnement - Free Pack/Prefabs/trunk.prefab using Guid(314adce1424fa42888bcb1facdc53f56) Importer(815301076,1909f56bfc062723c751e8b465ee728b)  -> (artifact id: '7f5c43871c6b8ec31dd371a22bd3aecb') in 0.030528 seconds 
  Import took 0.037082 seconds .

========================================================================
Received Import Request.
  Time since last request: 0.000324 seconds.
  path: Packages/com.unity.render-pipelines.core/Runtime/Debugging/Prefabs/Resources/DebugUI Canvas.prefab
  artifactKey: Guid(cf6cbdd672089a84796e55a21fed1cbe) Importer(815301076,1909f56bfc062723c751e8b465ee728b)
Start importing Packages/com.unity.render-pipelines.core/Runtime/Debugging/Prefabs/Resources/DebugUI Canvas.prefab using Guid(cf6cbdd672089a84796e55a21fed1cbe) Importer(815301076,1909f56bfc062723c751e8b465ee728b)  -> (artifact id: 'da1c0d1e5d4a41f7e8827491ec116695') in 0.053697 seconds 
  Import took 0.064897 seconds .

========================================================================
Received Import Request.
  Time since last request: 0.000346 seconds.
  path: Packages/com.unity.render-pipelines.core/Runtime/Debugging/Prefabs/Widgets/DebugUI Toggle.prefab
  artifactKey: Guid(ce347ad101f41ee4ab5c3fbc0ea447db) Importer(815301076,1909f56bfc062723c751e8b465ee728b)
Start importing Packages/com.unity.render-pipelines.core/Runtime/Debugging/Prefabs/Widgets/DebugUI Toggle.prefab using Guid(ce347ad101f41ee4ab5c3fbc0ea447db) Importer(815301076,1909f56bfc062723c751e8b465ee728b)  -> (artifact id: '04effe9b8b6b92d18fc89dc953e1d3ef') in 0.018881 seconds 
  Import took 0.028373 seconds .

========================================================================
Received Import Request.
  Time since last request: 162.638877 seconds.
  path: Assets/Shader/watermove/watermove.shadersubgraph
  artifactKey: Guid(7b68578d338b7044c82e0350edfa9d65) Importer(815301076,1909f56bfc062723c751e8b465ee728b)
Start importing Assets/Shader/watermove/watermove.shadersubgraph using Guid(7b68578d338b7044c82e0350edfa9d65) Importer(815301076,1909f56bfc062723c751e8b465ee728b)  -> (artifact id: '5bb7e45eb74c42a0ad657a8bec662407') in 0.007140 seconds 
  Import took 0.014183 seconds .

========================================================================
Received Import Request.
  Time since last request: 1101.577410 seconds.
  path: Assets/Shader/fromcontrol/fromcontrol.shadersubgraph
  artifactKey: Guid(cf0c5f8b70aaee64989b7d03a5086455) Importer(815301076,1909f56bfc062723c751e8b465ee728b)
Start importing Assets/Shader/fromcontrol/fromcontrol.shadersubgraph using Guid(cf0c5f8b70aaee64989b7d03a5086455) Importer(815301076,1909f56bfc062723c751e8b465ee728b)  -> (artifact id: 'a9254f7ecf517c4fc018a6b5b7427320') in 0.016724 seconds 
  Import took 0.079113 seconds .

========================================================================
Received Import Request.
  Time since last request: 18.851932 seconds.
  path: Assets/Shader/fromcontrol/fromcontrol.mat
  artifactKey: Guid(87547938fa138734aa4f26f2f7f5968b) Importer(815301076,1909f56bfc062723c751e8b465ee728b)
Start importing Assets/Shader/fromcontrol/fromcontrol.mat using Guid(87547938fa138734aa4f26f2f7f5968b) Importer(815301076,1909f56bfc062723c751e8b465ee728b)  -> (artifact id: '141ed7113e7dd8c327d0ba2bc052d939') in 0.062565 seconds 
  Import took 0.069777 seconds .

========================================================================
Received Import Request.
  Time since last request: 160.856141 seconds.
  path: Assets/Shader/water2move/water2move.shadergraph
  artifactKey: Guid(3402814d6128253498f28083a4664c47) Importer(815301076,1909f56bfc062723c751e8b465ee728b)
Start importing Assets/Shader/water2move/water2move.shadergraph using Guid(3402814d6128253498f28083a4664c47) Importer(815301076,1909f56bfc062723c751e8b465ee728b)  -> (artifact id: '7733ba7f2c49e6e660ed8679b2a50b2d') in 0.017880 seconds 
  Import took 0.027315 seconds .

========================================================================
Received Prepare
Registering precompiled user dll's ...
Registered in 0.348577 seconds.
Begin MonoManager ReloadAssembly
Native extension for WindowsStandalone target not found
Native extension for WebGL target not found
Refreshing native plugins compatible for Editor in 0.69 ms, found 2 plugins.
Preloading 0 native plugins for Editor in 0.00 ms.
Mono: successfully reloaded assembly
- Completed reload, in  2.305 seconds
Domain Reload Profiling:
	ReloadAssembly (2309ms)
		BeginReloadAssembly (412ms)
			ExecutionOrderSort (0ms)
			DisableScriptedObjects (46ms)
			BackupInstance (0ms)
			ReleaseScriptingObjects (0ms)
			CreateAndSetChildDomain (232ms)
		EndReloadAssembly (1798ms)
			LoadAssemblies (189ms)
			RebuildTransferFunctionScriptingTraits (0ms)
			SetupTypeCache (508ms)
			ReleaseScriptCaches (3ms)
			RebuildScriptCaches (70ms)
			SetupLoadedEditorAssemblies (630ms)
				LogAssemblyErrors (0ms)
				InitializePlatformSupportModulesInManaged (7ms)
				SetLoadedEditorAssemblies (1ms)
				RefreshPlugins (1ms)
				BeforeProcessingInitializeOnLoad (100ms)
				ProcessInitializeOnLoadAttributes (498ms)
				ProcessInitializeOnLoadMethodAttributes (14ms)
				AfterProcessingInitializeOnLoad (9ms)
				EditorAssembliesLoaded (0ms)
			ExecutionOrderSort2 (0ms)
			AwakeInstancesAfterBackupRestoration (35ms)
Platform modules already initialized, skipping
Refreshing native plugins compatible for Editor in 0.75 ms, found 2 plugins.
Preloading 0 native plugins for Editor in 0.00 ms.
Unloading 2829 Unused Serialized files (Serialized files now loaded: 0)
System memory in use before: 138.2 MB.
System memory in use after: 138.4 MB.

Unloading 18 unused Assets to reduce memory usage. Loaded Objects now: 3702.
Total: 10.362700 ms (FindLiveObjects: 0.514600 ms CreateObjectMapping: 0.166700 ms MarkObjects: 9.011400 ms  DeleteObjects: 0.666900 ms)

AssetImportParameters requested are different than current active one (requested -> active):
  custom:framework-win-MediaFoundation: 216162199b28c13a410421893ffa2e32 -> 
  custom:video-decoder-ogg-theora: a1e56fd34408186e4bbccfd4996cb3dc -> 
  custom:container-muxer-webm: aa71ff27fc2769a1b78a27578f13a17b -> 
  custom:container-demuxer-webm: 4f35f7cbe854078d1ac9338744f61a02 -> 
  custom:container-demuxer-ogg: 62fdf1f143b41e24485cea50d1cbac27 -> 
  custom:video-encoder-webm-vp8: eb34c28f22e8b96e1ab97ce403110664 -> 
  custom:video-decoder-webm-vp8: 9c59270c3fd7afecdb556c50c9e8de78 -> 
  custom:audio-decoder-ogg-vorbis: bf7c407c2cedff20999df2af8eb42d56 -> 
  custom:audio-encoder-webm-vorbis: bf7c407c2cedff20999df2af8eb42d56 -> 
========================================================================
Received Import Request.
  Time since last request: 1879.404309 seconds.
  path: Assets/Shader/water2move/water2move.shadergraph
  artifactKey: Guid(3402814d6128253498f28083a4664c47) Importer(815301076,1909f56bfc062723c751e8b465ee728b)
Start importing Assets/Shader/water2move/water2move.shadergraph using Guid(3402814d6128253498f28083a4664c47) Importer(815301076,1909f56bfc062723c751e8b465ee728b)  -> (artifact id: '16bf9c654bf0835a954b098bb6d23c25') in 0.236652 seconds 
  Import took 0.257401 seconds .

========================================================================
Received Import Request.
  Time since last request: 81.008930 seconds.
  path: Assets/Shader/water2move/water2move.mat
  artifactKey: Guid(d9553daac1e780b449043e5f258ffb8c) Importer(815301076,1909f56bfc062723c751e8b465ee728b)
Start importing Assets/Shader/water2move/water2move.mat using Guid(d9553daac1e780b449043e5f258ffb8c) Importer(815301076,1909f56bfc062723c751e8b465ee728b)  -> (artifact id: '8686c7846a6aada20a6fda753fe0f49d') in 0.286671 seconds 
  Import took 0.294109 seconds .

========================================================================
Received Prepare
Registering precompiled user dll's ...
Registered in 0.003527 seconds.
Begin MonoManager ReloadAssembly
Native extension for WindowsStandalone target not found
Native extension for WebGL target not found
Refreshing native plugins compatible for Editor in 0.66 ms, found 2 plugins.
Preloading 0 native plugins for Editor in 0.00 ms.
Mono: successfully reloaded assembly
- Completed reload, in  1.591 seconds
Domain Reload Profiling:
	ReloadAssembly (1591ms)
		BeginReloadAssembly (156ms)
			ExecutionOrderSort (0ms)
			DisableScriptedObjects (9ms)
			BackupInstance (0ms)
			ReleaseScriptingObjects (0ms)
			CreateAndSetChildDomain (54ms)
		EndReloadAssembly (1346ms)
			LoadAssemblies (117ms)
			RebuildTransferFunctionScriptingTraits (0ms)
			SetupTypeCache (445ms)
			ReleaseScriptCaches (2ms)
			RebuildScriptCaches (70ms)
			SetupLoadedEditorAssemblies (457ms)
				LogAssemblyErrors (0ms)
				InitializePlatformSupportModulesInManaged (10ms)
				SetLoadedEditorAssemblies (1ms)
				RefreshPlugins (1ms)
				BeforeProcessingInitializeOnLoad (101ms)
				ProcessInitializeOnLoadAttributes (324ms)
				ProcessInitializeOnLoadMethodAttributes (13ms)
				AfterProcessingInitializeOnLoad (8ms)
				EditorAssembliesLoaded (0ms)
			ExecutionOrderSort2 (0ms)
			AwakeInstancesAfterBackupRestoration (32ms)
Platform modules already initialized, skipping
Refreshing native plugins compatible for Editor in 0.88 ms, found 2 plugins.
Preloading 0 native plugins for Editor in 0.00 ms.
Unloading 2823 Unused Serialized files (Serialized files now loaded: 0)
System memory in use before: 137.8 MB.
System memory in use after: 138.0 MB.

Unloading 15 unused Assets to reduce memory usage. Loaded Objects now: 3740.
Total: 8.437700 ms (FindLiveObjects: 0.609500 ms CreateObjectMapping: 0.234400 ms MarkObjects: 7.555500 ms  DeleteObjects: 0.036000 ms)

AssetImportParameters requested are different than current active one (requested -> active):
  custom:framework-win-MediaFoundation: 216162199b28c13a410421893ffa2e32 -> 
  custom:video-decoder-ogg-theora: a1e56fd34408186e4bbccfd4996cb3dc -> 
  custom:container-muxer-webm: aa71ff27fc2769a1b78a27578f13a17b -> 
  custom:container-demuxer-webm: 4f35f7cbe854078d1ac9338744f61a02 -> 
  custom:container-demuxer-ogg: 62fdf1f143b41e24485cea50d1cbac27 -> 
  custom:video-encoder-webm-vp8: eb34c28f22e8b96e1ab97ce403110664 -> 
  custom:video-decoder-webm-vp8: 9c59270c3fd7afecdb556c50c9e8de78 -> 
  custom:audio-decoder-ogg-vorbis: bf7c407c2cedff20999df2af8eb42d56 -> 
  custom:audio-encoder-webm-vorbis: bf7c407c2cedff20999df2af8eb42d56 -> 
========================================================================
Received Import Request.
  Time since last request: 69.162745 seconds.
  path: Assets/Shader/water2move/water2move.mat
  artifactKey: Guid(d9553daac1e780b449043e5f258ffb8c) Importer(815301076,1909f56bfc062723c751e8b465ee728b)
Start importing Assets/Shader/water2move/water2move.mat using Guid(d9553daac1e780b449043e5f258ffb8c) Importer(815301076,1909f56bfc062723c751e8b465ee728b)  -> (artifact id: 'e9dd526da323c52c4ac078c7d6c231c1') in 0.267959 seconds 
  Import took 0.275843 seconds .

========================================================================
Received Prepare
Registering precompiled user dll's ...
Registered in 0.004773 seconds.
Begin MonoManager ReloadAssembly
Native extension for WindowsStandalone target not found
Native extension for WebGL target not found
Refreshing native plugins compatible for Editor in 0.66 ms, found 2 plugins.
Preloading 0 native plugins for Editor in 0.00 ms.
Mono: successfully reloaded assembly
- Completed reload, in  1.828 seconds
Domain Reload Profiling:
	ReloadAssembly (1829ms)
		BeginReloadAssembly (209ms)
			ExecutionOrderSort (0ms)
			DisableScriptedObjects (12ms)
			BackupInstance (0ms)
			ReleaseScriptingObjects (0ms)
			CreateAndSetChildDomain (74ms)
		EndReloadAssembly (1514ms)
			LoadAssemblies (163ms)
			RebuildTransferFunctionScriptingTraits (0ms)
			SetupTypeCache (572ms)
			ReleaseScriptCaches (2ms)
			RebuildScriptCaches (77ms)
			SetupLoadedEditorAssemblies (447ms)
				LogAssemblyErrors (0ms)
				InitializePlatformSupportModulesInManaged (7ms)
				SetLoadedEditorAssemblies (1ms)
				RefreshPlugins (1ms)
				BeforeProcessingInitializeOnLoad (94ms)
				ProcessInitializeOnLoadAttributes (322ms)
				ProcessInitializeOnLoadMethodAttributes (14ms)
				AfterProcessingInitializeOnLoad (9ms)
				EditorAssembliesLoaded (1ms)
			ExecutionOrderSort2 (0ms)
			AwakeInstancesAfterBackupRestoration (31ms)
Platform modules already initialized, skipping
Refreshing native plugins compatible for Editor in 0.72 ms, found 2 plugins.
Preloading 0 native plugins for Editor in 0.00 ms.
Unloading 2823 Unused Serialized files (Serialized files now loaded: 0)
System memory in use before: 137.9 MB.
System memory in use after: 138.1 MB.

Unloading 15 unused Assets to reduce memory usage. Loaded Objects now: 3778.
Total: 7.629400 ms (FindLiveObjects: 0.562700 ms CreateObjectMapping: 0.204500 ms MarkObjects: 6.823400 ms  DeleteObjects: 0.036100 ms)

AssetImportParameters requested are different than current active one (requested -> active):
  custom:framework-win-MediaFoundation: 216162199b28c13a410421893ffa2e32 -> 
  custom:video-decoder-ogg-theora: a1e56fd34408186e4bbccfd4996cb3dc -> 
  custom:container-muxer-webm: aa71ff27fc2769a1b78a27578f13a17b -> 
  custom:container-demuxer-webm: 4f35f7cbe854078d1ac9338744f61a02 -> 
  custom:container-demuxer-ogg: 62fdf1f143b41e24485cea50d1cbac27 -> 
  custom:video-encoder-webm-vp8: eb34c28f22e8b96e1ab97ce403110664 -> 
  custom:video-decoder-webm-vp8: 9c59270c3fd7afecdb556c50c9e8de78 -> 
  custom:audio-decoder-ogg-vorbis: bf7c407c2cedff20999df2af8eb42d56 -> 
  custom:audio-encoder-webm-vorbis: bf7c407c2cedff20999df2af8eb42d56 -> 
========================================================================
Received Import Request.
  Time since last request: 341.840819 seconds.
  path: Assets/Shader/water2move/water2move.mat
  artifactKey: Guid(d9553daac1e780b449043e5f258ffb8c) Importer(815301076,1909f56bfc062723c751e8b465ee728b)
Start importing Assets/Shader/water2move/water2move.mat using Guid(d9553daac1e780b449043e5f258ffb8c) Importer(815301076,1909f56bfc062723c751e8b465ee728b)  -> (artifact id: '2c41eef48ea49b7ffe173ac2d45a3ed3') in 0.249598 seconds 
  Import took 0.257254 seconds .

========================================================================
Received Import Request.
  Time since last request: 447.980930 seconds.
  path: Assets/Shader/water2move/New Material.mat
  artifactKey: Guid(711f48e2a404b3649b145e769788116d) Importer(815301076,1909f56bfc062723c751e8b465ee728b)
Start importing Assets/Shader/water2move/New Material.mat using Guid(711f48e2a404b3649b145e769788116d) Importer(815301076,1909f56bfc062723c751e8b465ee728b)  -> (artifact id: 'd9e503c7f2dd5a68aa900c2307cd6b36') in 0.028336 seconds 
  Import took 0.035990 seconds .

========================================================================
Received Import Request.
  Time since last request: 0.000358 seconds.
  path: Assets/Shader/water2move/water2move.mat
  artifactKey: Guid(d9553daac1e780b449043e5f258ffb8c) Importer(815301076,1909f56bfc062723c751e8b465ee728b)
Start importing Assets/Shader/water2move/water2move.mat using Guid(d9553daac1e780b449043e5f258ffb8c) Importer(815301076,1909f56bfc062723c751e8b465ee728b)  -> (artifact id: 'b192a220e9fe3c90a04909ad220e64ef') in 0.026163 seconds 
  Import took 0.033047 seconds .

========================================================================
Received Import Request.
  Time since last request: 235.230248 seconds.
  path: Assets/Shader/water2move/New Material.mat
  artifactKey: Guid(711f48e2a404b3649b145e769788116d) Importer(815301076,1909f56bfc062723c751e8b465ee728b)
Start importing Assets/Shader/water2move/New Material.mat using Guid(711f48e2a404b3649b145e769788116d) Importer(815301076,1909f56bfc062723c751e8b465ee728b)  -> (artifact id: '802222f705ddb7fac493695b63b01924') in 0.022794 seconds 
  Import took 0.031330 seconds .

========================================================================
Received Prepare
Registering precompiled user dll's ...
Registered in 0.003766 seconds.
Begin MonoManager ReloadAssembly
Native extension for WindowsStandalone target not found
Native extension for WebGL target not found
Refreshing native plugins compatible for Editor in 0.89 ms, found 2 plugins.
Preloading 0 native plugins for Editor in 0.00 ms.
Mono: successfully reloaded assembly
- Completed reload, in  1.657 seconds
Domain Reload Profiling:
	ReloadAssembly (1658ms)
		BeginReloadAssembly (187ms)
			ExecutionOrderSort (0ms)
			DisableScriptedObjects (11ms)
			BackupInstance (0ms)
			ReleaseScriptingObjects (0ms)
			CreateAndSetChildDomain (63ms)
		EndReloadAssembly (1375ms)
			LoadAssemblies (144ms)
			RebuildTransferFunctionScriptingTraits (0ms)
			SetupTypeCache (480ms)
			ReleaseScriptCaches (2ms)
			RebuildScriptCaches (70ms)
			SetupLoadedEditorAssemblies (450ms)
				LogAssemblyErrors (0ms)
				InitializePlatformSupportModulesInManaged (7ms)
				SetLoadedEditorAssemblies (1ms)
				RefreshPlugins (1ms)
				BeforeProcessingInitializeOnLoad (100ms)
				ProcessInitializeOnLoadAttributes (319ms)
				ProcessInitializeOnLoadMethodAttributes (13ms)
				AfterProcessingInitializeOnLoad (9ms)
				EditorAssembliesLoaded (0ms)
			ExecutionOrderSort2 (0ms)
			AwakeInstancesAfterBackupRestoration (35ms)
Platform modules already initialized, skipping
Refreshing native plugins compatible for Editor in 1.14 ms, found 2 plugins.
Preloading 0 native plugins for Editor in 0.00 ms.
Unloading 2823 Unused Serialized files (Serialized files now loaded: 0)
System memory in use before: 138.0 MB.
System memory in use after: 138.3 MB.

Unloading 15 unused Assets to reduce memory usage. Loaded Objects now: 3816.
Total: 8.026700 ms (FindLiveObjects: 0.747900 ms CreateObjectMapping: 0.300300 ms MarkObjects: 6.939900 ms  DeleteObjects: 0.036100 ms)

AssetImportParameters requested are different than current active one (requested -> active):
  custom:framework-win-MediaFoundation: 216162199b28c13a410421893ffa2e32 -> 
  custom:video-decoder-ogg-theora: a1e56fd34408186e4bbccfd4996cb3dc -> 
  custom:container-muxer-webm: aa71ff27fc2769a1b78a27578f13a17b -> 
  custom:container-demuxer-webm: 4f35f7cbe854078d1ac9338744f61a02 -> 
  custom:container-demuxer-ogg: 62fdf1f143b41e24485cea50d1cbac27 -> 
  custom:video-encoder-webm-vp8: eb34c28f22e8b96e1ab97ce403110664 -> 
  custom:video-decoder-webm-vp8: 9c59270c3fd7afecdb556c50c9e8de78 -> 
  custom:audio-decoder-ogg-vorbis: bf7c407c2cedff20999df2af8eb42d56 -> 
  custom:audio-encoder-webm-vorbis: bf7c407c2cedff20999df2af8eb42d56 -> 
========================================================================
Received Import Request.
  Time since last request: 154.225295 seconds.
  path: Assets/Shader/water2move/New Material.mat
  artifactKey: Guid(711f48e2a404b3649b145e769788116d) Importer(815301076,1909f56bfc062723c751e8b465ee728b)
Start importing Assets/Shader/water2move/New Material.mat using Guid(711f48e2a404b3649b145e769788116d) Importer(815301076,1909f56bfc062723c751e8b465ee728b)  -> (artifact id: '35c75e949a55444ccb3de56e01b946ac') in 0.267832 seconds 
  Import took 0.276109 seconds .

========================================================================
Received Prepare
Registering precompiled user dll's ...
Registered in 0.004632 seconds.
Begin MonoManager ReloadAssembly
Native extension for WindowsStandalone target not found
Native extension for WebGL target not found
Refreshing native plugins compatible for Editor in 1.41 ms, found 2 plugins.
Preloading 0 native plugins for Editor in 0.00 ms.
Mono: successfully reloaded assembly
- Completed reload, in  1.896 seconds
Domain Reload Profiling:
	ReloadAssembly (1897ms)
		BeginReloadAssembly (190ms)
			ExecutionOrderSort (0ms)
			DisableScriptedObjects (14ms)
			BackupInstance (0ms)
			ReleaseScriptingObjects (0ms)
			CreateAndSetChildDomain (67ms)
		EndReloadAssembly (1605ms)
			LoadAssemblies (143ms)
			RebuildTransferFunctionScriptingTraits (0ms)
			SetupTypeCache (465ms)
			ReleaseScriptCaches (3ms)
			RebuildScriptCaches (90ms)
			SetupLoadedEditorAssemblies (596ms)
				LogAssemblyErrors (0ms)
				InitializePlatformSupportModulesInManaged (18ms)
				SetLoadedEditorAssemblies (1ms)
				RefreshPlugins (2ms)
				BeforeProcessingInitializeOnLoad (109ms)
				ProcessInitializeOnLoadAttributes (438ms)
				ProcessInitializeOnLoadMethodAttributes (17ms)
				AfterProcessingInitializeOnLoad (11ms)
				EditorAssembliesLoaded (1ms)
			ExecutionOrderSort2 (0ms)
			AwakeInstancesAfterBackupRestoration (46ms)
Platform modules already initialized, skipping
Refreshing native plugins compatible for Editor in 0.92 ms, found 2 plugins.
Preloading 0 native plugins for Editor in 0.00 ms.
Unloading 2823 Unused Serialized files (Serialized files now loaded: 0)
System memory in use before: 138.1 MB.
System memory in use after: 138.4 MB.

Unloading 15 unused Assets to reduce memory usage. Loaded Objects now: 3854.
Total: 7.885900 ms (FindLiveObjects: 0.655700 ms CreateObjectMapping: 0.230300 ms MarkObjects: 6.965900 ms  DeleteObjects: 0.031600 ms)

AssetImportParameters requested are different than current active one (requested -> active):
  custom:framework-win-MediaFoundation: 216162199b28c13a410421893ffa2e32 -> 
  custom:video-decoder-ogg-theora: a1e56fd34408186e4bbccfd4996cb3dc -> 
  custom:container-muxer-webm: aa71ff27fc2769a1b78a27578f13a17b -> 
  custom:container-demuxer-webm: 4f35f7cbe854078d1ac9338744f61a02 -> 
  custom:container-demuxer-ogg: 62fdf1f143b41e24485cea50d1cbac27 -> 
  custom:video-encoder-webm-vp8: eb34c28f22e8b96e1ab97ce403110664 -> 
  custom:video-decoder-webm-vp8: 9c59270c3fd7afecdb556c50c9e8de78 -> 
  custom:audio-decoder-ogg-vorbis: bf7c407c2cedff20999df2af8eb42d56 -> 
  custom:audio-encoder-webm-vorbis: bf7c407c2cedff20999df2af8eb42d56 -> 
========================================================================
Received Import Request.
  Time since last request: 119.705616 seconds.
  path: Assets/Shader/water2move/New Material.mat
  artifactKey: Guid(711f48e2a404b3649b145e769788116d) Importer(815301076,1909f56bfc062723c751e8b465ee728b)
Start importing Assets/Shader/water2move/New Material.mat using Guid(711f48e2a404b3649b145e769788116d) Importer(815301076,1909f56bfc062723c751e8b465ee728b)  -> (artifact id: '27fc052091d242ed47e2101687eabeed') in 0.255516 seconds 
  Import took 0.263261 seconds .

========================================================================
Received Import Request.
  Time since last request: 363.531504 seconds.
  path: Assets/sit
  artifactKey: Guid(fd1f9575e86fca742a4219ef5f34bd10) Importer(815301076,1909f56bfc062723c751e8b465ee728b)
Start importing Assets/sit using Guid(fd1f9575e86fca742a4219ef5f34bd10) Importer(815301076,1909f56bfc062723c751e8b465ee728b)  -> (artifact id: '79151d8dbdfcdad9d016256232c75375') in 0.013438 seconds 
  Import took 0.021590 seconds .

========================================================================
Received Import Request.
  Time since last request: 12.197879 seconds.
  path: Assets/sit/aj@Sitting.fbx
  artifactKey: Guid(7b770544b6ad79245a7730bae0160393) Importer(815301076,1909f56bfc062723c751e8b465ee728b)
Start importing Assets/sit/aj@Sitting.fbx using Guid(7b770544b6ad79245a7730bae0160393) Importer(815301076,1909f56bfc062723c751e8b465ee728b)  -> (artifact id: 'c3352cd8e4bcecf6f44368c565aacbcf') in 1.725129 seconds 
  Import took 1.733989 seconds .

========================================================================
Received Import Request.
  Time since last request: 38.022192 seconds.
  path: Assets/sit/aj@Sitting.fbx
  artifactKey: Guid(7b770544b6ad79245a7730bae0160393) Importer(815301076,1909f56bfc062723c751e8b465ee728b)
Start importing Assets/sit/aj@Sitting.fbx using Guid(7b770544b6ad79245a7730bae0160393) Importer(815301076,1909f56bfc062723c751e8b465ee728b)  -> (artifact id: 'fc2cda10e7b0ed462f68b1f7de5db240') in 0.143110 seconds 
  Import took 0.151031 seconds .

========================================================================
Received Import Request.
  Time since last request: 7.754849 seconds.
  path: Assets/sit/text
  artifactKey: Guid(5e39edb87f2ceed4b87232001d3ee559) Importer(815301076,1909f56bfc062723c751e8b465ee728b)
Start importing Assets/sit/text using Guid(5e39edb87f2ceed4b87232001d3ee559) Importer(815301076,1909f56bfc062723c751e8b465ee728b)  -> (artifact id: '32e35cfaa786d9e34d96e0a037ea126e') in 0.013913 seconds 
  Import took 0.023189 seconds .

========================================================================
Received Import Request.
  Time since last request: 11.896825 seconds.
  path: Assets/sit/mate
  artifactKey: Guid(c0130374eaa4b3845801eac144d981f7) Importer(815301076,1909f56bfc062723c751e8b465ee728b)
Start importing Assets/sit/mate using Guid(c0130374eaa4b3845801eac144d981f7) Importer(815301076,1909f56bfc062723c751e8b465ee728b)  -> (artifact id: 'ea1e935eefdb5a3eda0b8e62cb0c91c6') in 0.015620 seconds 
  Import took 0.024190 seconds .

========================================================================
Received Import Request.
  Time since last request: 9.670765 seconds.
  path: Assets/sit/aj@Sitting.fbx
  artifactKey: Guid(7b770544b6ad79245a7730bae0160393) Importer(815301076,1909f56bfc062723c751e8b465ee728b)
Start importing Assets/sit/aj@Sitting.fbx using Guid(7b770544b6ad79245a7730bae0160393) Importer(815301076,1909f56bfc062723c751e8b465ee728b)  -> (artifact id: 'd0a996c869bffa239d46ac3e5b2629df') in 0.217899 seconds 
  Import took 0.227096 seconds .

========================================================================
Received Import Request.
  Time since last request: 12.308281 seconds.
  path: Assets/sit/aj@Sitting.fbx
  artifactKey: Guid(7b770544b6ad79245a7730bae0160393) Importer(815301076,1909f56bfc062723c751e8b465ee728b)
Start importing Assets/sit/aj@Sitting.fbx using Guid(7b770544b6ad79245a7730bae0160393) Importer(815301076,1909f56bfc062723c751e8b465ee728b)  -> (artifact id: '861164557008b948fff493a1c032e28d') in 0.097211 seconds 
  Import took 0.107112 seconds .

========================================================================
Received Import Request.
  Time since last request: 42.904751 seconds.
  path: Assets/sit/New Animator Controller.controller
  artifactKey: Guid(3e7df2d646ac98d4585ee215fe5a7db9) Importer(815301076,1909f56bfc062723c751e8b465ee728b)
Start importing Assets/sit/New Animator Controller.controller using Guid(3e7df2d646ac98d4585ee215fe5a7db9) Importer(815301076,1909f56bfc062723c751e8b465ee728b)  -> (artifact id: '4005e057fb63dd461390366bc188ca17') in 0.021217 seconds 
  Import took 0.030076 seconds .

========================================================================
Received Import Request.
  Time since last request: 117.473743 seconds.
  path: Assets/sit/aj@Sitting.fbx
  artifactKey: Guid(7b770544b6ad79245a7730bae0160393) Importer(815301076,1909f56bfc062723c751e8b465ee728b)
Start importing Assets/sit/aj@Sitting.fbx using Guid(7b770544b6ad79245a7730bae0160393) Importer(815301076,1909f56bfc062723c751e8b465ee728b)  -> (artifact id: '30898d9d70c61d4d92add092e31d2310') in 0.118152 seconds 
  Import took 0.128562 seconds .

========================================================================
Received Import Request.
  Time since last request: 25.086328 seconds.
  path: Assets/sit/New Material.mat
  artifactKey: Guid(462cb1b088bb2ab4cbe32aa32a16ec8a) Importer(815301076,1909f56bfc062723c751e8b465ee728b)
Start importing Assets/sit/New Material.mat using Guid(462cb1b088bb2ab4cbe32aa32a16ec8a) Importer(815301076,1909f56bfc062723c751e8b465ee728b)  -> (artifact id: 'a842a0423aa8b6dbdcbba29bb9b0c718') in 0.017925 seconds 
  Import took 0.025954 seconds .

========================================================================
Received Import Request.
  Time since last request: 6.600752 seconds.
  path: Assets/sit/New Animator Controller.controller
  artifactKey: Guid(3e7df2d646ac98d4585ee215fe5a7db9) Importer(815301076,1909f56bfc062723c751e8b465ee728b)
Start importing Assets/sit/New Animator Controller.controller using Guid(3e7df2d646ac98d4585ee215fe5a7db9) Importer(815301076,1909f56bfc062723c751e8b465ee728b)  -> (artifact id: 'fe6f15f1a6d99c7f1563590c9d328b71') in 0.006476 seconds 
  Import took 0.014722 seconds .

========================================================================
Received Prepare
Registering precompiled user dll's ...
Registered in 0.007959 seconds.
Begin MonoManager ReloadAssembly
Native extension for WindowsStandalone target not found
Native extension for WebGL target not found
Refreshing native plugins compatible for Editor in 0.69 ms, found 2 plugins.
Preloading 0 native plugins for Editor in 0.00 ms.
Mono: successfully reloaded assembly
- Completed reload, in  1.508 seconds
Domain Reload Profiling:
	ReloadAssembly (1509ms)
		BeginReloadAssembly (171ms)
			ExecutionOrderSort (0ms)
			DisableScriptedObjects (11ms)
			BackupInstance (0ms)
			ReleaseScriptingObjects (0ms)
			CreateAndSetChildDomain (55ms)
		EndReloadAssembly (1250ms)
			LoadAssemblies (130ms)
			RebuildTransferFunctionScriptingTraits (0ms)
			SetupTypeCache (420ms)
			ReleaseScriptCaches (2ms)
			RebuildScriptCaches (64ms)
			SetupLoadedEditorAssemblies (425ms)
				LogAssemblyErrors (0ms)
				InitializePlatformSupportModulesInManaged (6ms)
				SetLoadedEditorAssemblies (1ms)
				RefreshPlugins (1ms)
				BeforeProcessingInitializeOnLoad (95ms)
				ProcessInitializeOnLoadAttributes (301ms)
				ProcessInitializeOnLoadMethodAttributes (13ms)
				AfterProcessingInitializeOnLoad (8ms)
				EditorAssembliesLoaded (0ms)
			ExecutionOrderSort2 (0ms)
			AwakeInstancesAfterBackupRestoration (30ms)
Platform modules already initialized, skipping
Refreshing native plugins compatible for Editor in 0.66 ms, found 2 plugins.
Preloading 0 native plugins for Editor in 0.00 ms.
Unloading 2823 Unused Serialized files (Serialized files now loaded: 0)
System memory in use before: 152.1 MB.
System memory in use after: 152.3 MB.

Unloading 15 unused Assets to reduce memory usage. Loaded Objects now: 3896.
Total: 7.036900 ms (FindLiveObjects: 0.583400 ms CreateObjectMapping: 0.171300 ms MarkObjects: 6.242000 ms  DeleteObjects: 0.037900 ms)

AssetImportParameters requested are different than current active one (requested -> active):
  custom:framework-win-MediaFoundation: 216162199b28c13a410421893ffa2e32 -> 
  custom:video-decoder-ogg-theora: a1e56fd34408186e4bbccfd4996cb3dc -> 
  custom:container-muxer-webm: aa71ff27fc2769a1b78a27578f13a17b -> 
  custom:container-demuxer-webm: 4f35f7cbe854078d1ac9338744f61a02 -> 
  custom:container-demuxer-ogg: 62fdf1f143b41e24485cea50d1cbac27 -> 
  custom:video-encoder-webm-vp8: eb34c28f22e8b96e1ab97ce403110664 -> 
  custom:video-decoder-webm-vp8: 9c59270c3fd7afecdb556c50c9e8de78 -> 
  custom:audio-decoder-ogg-vorbis: bf7c407c2cedff20999df2af8eb42d56 -> 
  custom:audio-encoder-webm-vorbis: bf7c407c2cedff20999df2af8eb42d56 -> 
========================================================================
Received Import Request.
  Time since last request: 378.545780 seconds.
  path: Assets/sit/ajsi.controller
  artifactKey: Guid(3e7df2d646ac98d4585ee215fe5a7db9) Importer(815301076,1909f56bfc062723c751e8b465ee728b)
Start importing Assets/sit/ajsi.controller using Guid(3e7df2d646ac98d4585ee215fe5a7db9) Importer(815301076,1909f56bfc062723c751e8b465ee728b)  -> (artifact id: 'ef84d111efc1be3b33c82a6e94199b5b') in 0.048523 seconds 
  Import took 0.058659 seconds .

========================================================================
Received Prepare
Registering precompiled user dll's ...
Registered in 0.003675 seconds.
Begin MonoManager ReloadAssembly
Native extension for WindowsStandalone target not found
Native extension for WebGL target not found
Refreshing native plugins compatible for Editor in 0.67 ms, found 2 plugins.
Preloading 0 native plugins for Editor in 0.00 ms.
Mono: successfully reloaded assembly
- Completed reload, in  1.565 seconds
Domain Reload Profiling:
	ReloadAssembly (1565ms)
		BeginReloadAssembly (155ms)
			ExecutionOrderSort (0ms)
			DisableScriptedObjects (7ms)
			BackupInstance (0ms)
			ReleaseScriptingObjects (0ms)
			CreateAndSetChildDomain (53ms)
		EndReloadAssembly (1314ms)
			LoadAssemblies (115ms)
			RebuildTransferFunctionScriptingTraits (0ms)
			SetupTypeCache (448ms)
			ReleaseScriptCaches (2ms)
			RebuildScriptCaches (65ms)
			SetupLoadedEditorAssemblies (432ms)
				LogAssemblyErrors (0ms)
				InitializePlatformSupportModulesInManaged (6ms)
				SetLoadedEditorAssemblies (1ms)
				RefreshPlugins (1ms)
				BeforeProcessingInitializeOnLoad (99ms)
				ProcessInitializeOnLoadAttributes (302ms)
				ProcessInitializeOnLoadMethodAttributes (13ms)
				AfterProcessingInitializeOnLoad (9ms)
				EditorAssembliesLoaded (0ms)
			ExecutionOrderSort2 (0ms)
			AwakeInstancesAfterBackupRestoration (34ms)
Platform modules already initialized, skipping
Refreshing native plugins compatible for Editor in 0.74 ms, found 2 plugins.
Preloading 0 native plugins for Editor in 0.00 ms.
Unloading 2823 Unused Serialized files (Serialized files now loaded: 0)
System memory in use before: 152.1 MB.
System memory in use after: 152.3 MB.

Unloading 15 unused Assets to reduce memory usage. Loaded Objects now: 3898.
Total: 7.599800 ms (FindLiveObjects: 0.558400 ms CreateObjectMapping: 0.183400 ms MarkObjects: 6.823600 ms  DeleteObjects: 0.031900 ms)

AssetImportParameters requested are different than current active one (requested -> active):
  custom:framework-win-MediaFoundation: 216162199b28c13a410421893ffa2e32 -> 
  custom:video-decoder-ogg-theora: a1e56fd34408186e4bbccfd4996cb3dc -> 
  custom:container-muxer-webm: aa71ff27fc2769a1b78a27578f13a17b -> 
  custom:container-demuxer-webm: 4f35f7cbe854078d1ac9338744f61a02 -> 
  custom:container-demuxer-ogg: 62fdf1f143b41e24485cea50d1cbac27 -> 
  custom:video-encoder-webm-vp8: eb34c28f22e8b96e1ab97ce403110664 -> 
  custom:video-decoder-webm-vp8: 9c59270c3fd7afecdb556c50c9e8de78 -> 
  custom:audio-decoder-ogg-vorbis: bf7c407c2cedff20999df2af8eb42d56 -> 
  custom:audio-encoder-webm-vorbis: bf7c407c2cedff20999df2af8eb42d56 -> 
AssetImportWorkerClient::OnTransportError - code=2 error=End of file
